0 verbose cli C:\Program Files\nodejs\node.exe C:\Users\DELL\AppData\Roaming\npm\node_modules\npm\bin\npm-cli.js
1 info using npm@11.11.0
2 info using node@v24.11.1
3 silly config load:file:C:\Users\DELL\AppData\Roaming\npm\node_modules\npm\npmrc
4 silly config load:file:C:\Users\DELL\Desktop\Projects\web-app\fullstack-app\waris-azeez-portfolio\.npmrc
5 silly config load:file:C:\Users\DELL\.npmrc
6 silly config load:file:C:\Users\DELL\AppData\Roaming\npm\etc\npmrc
7 verbose title npm i express
8 verbose argv "i" "express" "--cache" ".\\.npm-cache" "--no-audit" "--no-fund"
9 verbose logfile logs-max:10 dir:C:\Users\DELL\Desktop\Projects\web-app\fullstack-app\waris-azeez-portfolio\.npm-cache\_logs\2026-03-29T08_41_42_043Z-
10 verbose logfile C:\Users\DELL\Desktop\Projects\web-app\fullstack-app\waris-azeez-portfolio\.npm-cache\_logs\2026-03-29T08_41_42_043Z-debug-0.log
11 silly logfile done cleaning log files
12 silly packumentCache heap:2348810240 maxSize:587202560 maxEntrySize:293601280
13 silly idealTree buildDeps
14 silly fetch manifest express@*
15 silly packumentCache full:https://registry.npmjs.org/express cache-miss
16 http fetch GET https://registry.npmjs.org/express attempt 1 failed with EACCES
17 http fetch GET https://registry.npmjs.org/express attempt 2 failed with EACCES
18 http fetch GET https://registry.npmjs.org/express attempt 3 failed with EACCES
19 silly placeDep ROOT express@ OK for: waris-azeez-portfolio@0.1.0 want: *
20 verbose type system
21 verbose stack FetchError: request to https://registry.npmjs.org/express failed, reason: 
21 verbose stack     at ClientRequest.<anonymous> (C:\Users\DELL\AppData\Roaming\npm\node_modules\npm\node_modules\minipass-fetch\lib\index.js:130:14)
21 verbose stack     at ClientRequest.emit (node:events:508:28)
21 verbose stack     at emitErrorEvent (node:_http_client:108:11)
21 verbose stack     at _destroy (node:_http_client:962:9)
21 verbose stack     at onSocketNT (node:_http_client:982:5)
21 verbose stack     at process.processTicksAndRejections (node:internal/process/task_queues:90:21)
22 error code EACCES
23 error errno EACCES
24 error FetchError: request to https://registry.npmjs.org/express failed, reason: 
24 error     at ClientRequest.<anonymous> (C:\Users\DELL\AppData\Roaming\npm\node_modules\npm\node_modules\minipass-fetch\lib\index.js:130:14)
24 error     at ClientRequest.emit (node:events:508:28)
24 error     at emitErrorEvent (node:_http_client:108:11)
24 error     at _destroy (node:_http_client:962:9)
24 error     at onSocketNT (node:_http_client:982:5)
24 error     at process.processTicksAndRejections (node:internal/process/task_queues:90:21) {
24 error   code: 'EACCES',
24 error   errno: 'EACCES',
24 error   type: 'system',
24 error   requiredBy: '.'
24 error }
25 error
25 error The operation was rejected by your operating system.
25 error It's possible that the file was already in use (by a text editor or antivirus),
25 error or that you lack permissions to access it.
25 error
25 error If you believe this might be a permissions issue, please double-check the
25 error permissions of the file and its containing directories, or try running
25 error the command again as root/Administrator.
26 silly unfinished npm timer reify 1774773703320
27 silly unfinished npm timer reify:loadTrees 1774773703322
28 verbose cwd C:\Users\DELL\Desktop\Projects\web-app\fullstack-app\waris-azeez-portfolio
29 verbose os Windows_NT 10.0.21996
30 verbose node v24.11.1
31 verbose npm  v11.11.0
32 verbose exit 1
33 verbose code 1
34 error A complete log of this run can be found in: C:\Users\DELL\Desktop\Projects\web-app\fullstack-app\waris-azeez-portfolio\.npm-cache\_logs\2026-03-29T08_41_42_043Z-debug-0.log
