0 verbose cli C:\Program Files\nodejs\node.exe C:\Users\DELL\AppData\Roaming\npm\node_modules\npm\bin\npm-cli.js
1 info using npm@11.11.0
2 info using node@v24.11.1
3 silly config load:file:C:\Users\DELL\AppData\Roaming\npm\node_modules\npm\npmrc
4 silly config load:file:C:\Users\DELL\Desktop\Projects\web-app\fullstack-app\waris-azeez-portfolio\.npmrc
5 silly config load:file:C:\Users\DELL\.npmrc
6 silly config load:file:C:\Users\DELL\AppData\Roaming\npm\etc\npmrc
7 verbose title npm install @mui/material @emotion/react @emotion/styled clsx lucide-react framer-motion @tanstack/react-query zustand react-hook-form zod @hookform/resolvers react-dropzone date-fns axios
8 verbose argv "install" "@mui/material" "@emotion/react" "@emotion/styled" "clsx" "lucide-react" "framer-motion" "@tanstack/react-query" "zustand" "react-hook-form" "zod" "@hookform/resolvers" "react-dropzone" "date-fns" "axios"
9 verbose logfile logs-max:10 dir:C:\Users\DELL\Desktop\Projects\web-app\fullstack-app\waris-azeez-portfolio\.npm-cache\_logs\2026-03-15T11_36_00_441Z-
10 verbose logfile C:\Users\DELL\Desktop\Projects\web-app\fullstack-app\waris-azeez-portfolio\.npm-cache\_logs\2026-03-15T11_36_00_441Z-debug-0.log
11 silly logfile done cleaning log files
12 silly packumentCache heap:2348810240 maxSize:587202560 maxEntrySize:293601280
13 silly idealTree buildDeps
14 silly fetch manifest @mui/material@*
15 silly packumentCache full:https://registry.npmjs.org/@mui%2fmaterial cache-miss
16 http fetch GET 200 https://registry.npmjs.org/@mui%2fmaterial 6158ms (cache miss)
17 silly packumentCache full:https://registry.npmjs.org/@mui%2fmaterial set size:undefined disposed:false
18 silly fetch manifest @emotion/react@*
19 silly packumentCache full:https://registry.npmjs.org/@emotion%2freact cache-miss
20 http fetch GET 200 https://registry.npmjs.org/@emotion%2freact 916ms (cache miss)
21 silly packumentCache full:https://registry.npmjs.org/@emotion%2freact set size:undefined disposed:false
22 silly fetch manifest react@19.2.3
23 silly packumentCache full:https://registry.npmjs.org/react cache-miss
24 http fetch GET 200 https://registry.npmjs.org/npm 8829ms
25 http fetch GET 200 https://registry.npmjs.org/react 5637ms (cache miss)
26 silly packumentCache full:https://registry.npmjs.org/react set size:undefined disposed:false
27 silly fetch manifest @emotion/styled@*
28 silly packumentCache full:https://registry.npmjs.org/@emotion%2fstyled cache-miss
29 http fetch GET 200 https://registry.npmjs.org/@emotion%2fstyled 435ms (cache miss)
30 silly packumentCache full:https://registry.npmjs.org/@emotion%2fstyled set size:undefined disposed:false
31 silly fetch manifest @mui/material-pigment-css@^7.3.9
32 silly packumentCache full:https://registry.npmjs.org/@mui%2fmaterial-pigment-css cache-miss
33 http fetch GET 200 https://registry.npmjs.org/@mui%2fmaterial-pigment-css 533ms (cache miss)
34 silly packumentCache full:https://registry.npmjs.org/@mui%2fmaterial-pigment-css set size:undefined disposed:false
35 silly fetch manifest @pigment-css/react@^0.0.30
36 silly packumentCache full:https://registry.npmjs.org/@pigment-css%2freact cache-miss
37 http fetch GET 200 https://registry.npmjs.org/@pigment-css%2freact 500ms (cache miss)
38 silly packumentCache full:https://registry.npmjs.org/@pigment-css%2freact set size:undefined disposed:false
39 silly fetch manifest @types/react@^19
40 silly packumentCache full:https://registry.npmjs.org/@types%2freact cache-miss
41 http fetch GET 200 https://registry.npmjs.org/@types%2freact 1588ms (cache miss)
42 silly packumentCache full:https://registry.npmjs.org/@types%2freact set size:undefined disposed:false
43 silly fetch manifest react-dom@19.2.3
44 silly packumentCache full:https://registry.npmjs.org/react-dom cache-miss
45 http fetch GET 200 https://registry.npmjs.org/react-dom 2515ms (cache miss)
46 silly packumentCache full:https://registry.npmjs.org/react-dom set size:undefined disposed:false
47 silly fetch manifest clsx@*
48 silly packumentCache full:https://registry.npmjs.org/clsx cache-miss
49 http fetch GET 200 https://registry.npmjs.org/clsx 415ms (cache miss)
50 silly packumentCache full:https://registry.npmjs.org/clsx set size:undefined disposed:false
51 silly fetch manifest lucide-react@*
52 silly packumentCache full:https://registry.npmjs.org/lucide-react cache-miss
53 http fetch GET 200 https://registry.npmjs.org/lucide-react 1417ms (cache miss)
54 silly packumentCache full:https://registry.npmjs.org/lucide-react set size:undefined disposed:false
55 silly fetch manifest framer-motion@*
56 silly packumentCache full:https://registry.npmjs.org/framer-motion cache-miss
57 http fetch GET 200 https://registry.npmjs.org/framer-motion 5220ms (cache miss)
58 silly packumentCache full:https://registry.npmjs.org/framer-motion set size:undefined disposed:false
59 silly fetch manifest @emotion/is-prop-valid@*
60 silly packumentCache full:https://registry.npmjs.org/@emotion%2fis-prop-valid cache-miss
61 http fetch GET 200 https://registry.npmjs.org/@emotion%2fis-prop-valid 881ms (cache miss)
62 silly packumentCache full:https://registry.npmjs.org/@emotion%2fis-prop-valid set size:undefined disposed:false
63 silly fetch manifest @tanstack/react-query@*
64 silly packumentCache full:https://registry.npmjs.org/@tanstack%2freact-query cache-miss
65 http fetch GET 200 https://registry.npmjs.org/@tanstack%2freact-query 2610ms (cache miss)
66 silly packumentCache full:https://registry.npmjs.org/@tanstack%2freact-query set size:undefined disposed:false
67 silly fetch manifest zustand@*
68 silly packumentCache full:https://registry.npmjs.org/zustand cache-miss
69 http fetch GET 200 https://registry.npmjs.org/zustand 1033ms (cache miss)
70 silly packumentCache full:https://registry.npmjs.org/zustand set size:undefined disposed:false
71 silly fetch manifest immer@>=9.0.6
72 silly packumentCache full:https://registry.npmjs.org/immer cache-miss
73 http fetch GET 200 https://registry.npmjs.org/immer 1297ms (cache miss)
74 silly packumentCache full:https://registry.npmjs.org/immer set size:undefined disposed:false
75 silly fetch manifest use-sync-external-store@>=1.2.0
76 silly packumentCache full:https://registry.npmjs.org/use-sync-external-store cache-miss
77 http fetch GET 200 https://registry.npmjs.org/use-sync-external-store 4268ms (cache miss)
78 silly packumentCache full:https://registry.npmjs.org/use-sync-external-store set size:undefined disposed:false
79 silly fetch manifest react-hook-form@*
80 silly packumentCache full:https://registry.npmjs.org/react-hook-form cache-miss
81 http fetch GET 200 https://registry.npmjs.org/react-hook-form 3283ms (cache miss)
82 silly packumentCache full:https://registry.npmjs.org/react-hook-form set size:undefined disposed:false
83 silly fetch manifest zod@*
84 silly packumentCache full:https://registry.npmjs.org/zod cache-miss
85 http fetch GET 200 https://registry.npmjs.org/zod 1887ms (cache miss)
86 silly packumentCache full:https://registry.npmjs.org/zod set size:undefined disposed:false
87 silly fetch manifest @hookform/resolvers@*
88 silly packumentCache full:https://registry.npmjs.org/@hookform%2fresolvers cache-miss
89 http fetch GET 200 https://registry.npmjs.org/@hookform%2fresolvers 505ms (cache miss)
90 silly packumentCache full:https://registry.npmjs.org/@hookform%2fresolvers set size:undefined disposed:false
91 silly fetch manifest react-dropzone@*
92 silly packumentCache full:https://registry.npmjs.org/react-dropzone cache-miss
93 http fetch GET 200 https://registry.npmjs.org/react-dropzone 742ms (cache miss)
94 silly packumentCache full:https://registry.npmjs.org/react-dropzone set size:undefined disposed:false
95 silly fetch manifest date-fns@*
96 silly packumentCache full:https://registry.npmjs.org/date-fns cache-miss
97 http fetch GET 200 https://registry.npmjs.org/date-fns 1331ms (cache miss)
98 silly packumentCache full:https://registry.npmjs.org/date-fns set size:undefined disposed:false
99 silly fetch manifest axios@*
100 silly packumentCache full:https://registry.npmjs.org/axios cache-miss
101 http fetch GET 200 https://registry.npmjs.org/axios 576ms (cache miss)
102 silly packumentCache full:https://registry.npmjs.org/axios set size:undefined disposed:false
103 silly placeDep ROOT @emotion/react@11.14.0 OK for: waris-azeez-portfolio@0.1.0 want: *
104 silly placeDep ROOT @emotion/styled@11.14.1 OK for: waris-azeez-portfolio@0.1.0 want: *
105 silly placeDep ROOT @hookform/resolvers@5.2.2 OK for: waris-azeez-portfolio@0.1.0 want: *
106 silly placeDep ROOT react-hook-form@7.71.2 OK for: @hookform/resolvers@5.2.2 want: ^7.55.0
107 silly placeDep ROOT @mui/material@7.3.9 OK for: waris-azeez-portfolio@0.1.0 want: *
108 silly placeDep ROOT @tanstack/react-query@5.90.21 OK for: waris-azeez-portfolio@0.1.0 want: *
109 silly placeDep ROOT axios@1.13.6 OK for: waris-azeez-portfolio@0.1.0 want: *
110 silly placeDep ROOT clsx@2.1.1 OK for: waris-azeez-portfolio@0.1.0 want: *
111 silly placeDep ROOT date-fns@4.1.0 OK for: waris-azeez-portfolio@0.1.0 want: *
112 silly placeDep ROOT framer-motion@12.36.0 OK for: waris-azeez-portfolio@0.1.0 want: *
113 silly placeDep ROOT lucide-react@0.577.0 OK for: waris-azeez-portfolio@0.1.0 want: *
114 silly placeDep ROOT react-dropzone@15.0.0 OK for: waris-azeez-portfolio@0.1.0 want: *
115 silly placeDep ROOT react-hook-form@7.71.2 REPLACE for: waris-azeez-portfolio@0.1.0 want: *
116 silly placeDep ROOT zod@4.3.6 REPLACE for: waris-azeez-portfolio@0.1.0 want: *
117 silly placeDep ROOT zustand@5.0.11 OK for: waris-azeez-portfolio@0.1.0 want: *
118 silly fetch manifest @babel/runtime@^7.18.3
119 silly packumentCache full:https://registry.npmjs.org/@babel%2fruntime cache-miss
120 silly fetch manifest @emotion/babel-plugin@^11.13.5
121 silly packumentCache full:https://registry.npmjs.org/@emotion%2fbabel-plugin cache-miss
122 silly fetch manifest @emotion/cache@^11.14.0
123 silly packumentCache full:https://registry.npmjs.org/@emotion%2fcache cache-miss
124 http fetch GET 200 https://registry.npmjs.org/@emotion%2fbabel-plugin 488ms (cache miss)
125 silly packumentCache full:https://registry.npmjs.org/@emotion%2fbabel-plugin set size:undefined disposed:false
126 silly fetch manifest @emotion/serialize@^1.3.3
127 silly packumentCache full:https://registry.npmjs.org/@emotion%2fserialize cache-miss
128 http fetch GET 200 https://registry.npmjs.org/@babel%2fruntime 696ms (cache miss)
129 silly packumentCache full:https://registry.npmjs.org/@babel%2fruntime set size:undefined disposed:false
130 silly fetch manifest @emotion/use-insertion-effect-with-fallbacks@^1.2.0
131 silly packumentCache full:https://registry.npmjs.org/@emotion%2fuse-insertion-effect-with-fallbacks cache-miss
132 http fetch GET 200 https://registry.npmjs.org/@emotion%2fuse-insertion-effect-with-fallbacks 337ms (cache miss)
133 silly packumentCache full:https://registry.npmjs.org/@emotion%2fuse-insertion-effect-with-fallbacks set size:undefined disposed:false
134 silly fetch manifest @emotion/utils@^1.4.2
135 silly packumentCache full:https://registry.npmjs.org/@emotion%2futils cache-miss
136 http fetch GET 200 https://registry.npmjs.org/@emotion%2fserialize 592ms (cache miss)
137 silly packumentCache full:https://registry.npmjs.org/@emotion%2fserialize set size:undefined disposed:false
138 silly fetch manifest @emotion/weak-memoize@^0.4.0
139 silly packumentCache full:https://registry.npmjs.org/@emotion%2fweak-memoize cache-miss
140 http fetch GET 200 https://registry.npmjs.org/@emotion%2futils 413ms (cache miss)
141 silly packumentCache full:https://registry.npmjs.org/@emotion%2futils set size:undefined disposed:false
142 silly fetch manifest hoist-non-react-statics@^3.3.1
143 silly packumentCache full:https://registry.npmjs.org/hoist-non-react-statics cache-miss
144 http fetch GET 200 https://registry.npmjs.org/@emotion%2fweak-memoize 590ms (cache miss)
145 silly packumentCache full:https://registry.npmjs.org/@emotion%2fweak-memoize set size:undefined disposed:false
146 silly fetch manifest @emotion/is-prop-valid@^1.3.0
147 silly packumentCache full:https://registry.npmjs.org/@emotion%2fis-prop-valid cache-miss
148 http cache https://registry.npmjs.org/@emotion%2fis-prop-valid 33ms (cache hit)
149 silly packumentCache full:https://registry.npmjs.org/@emotion%2fis-prop-valid set size:96664 disposed:false
150 silly fetch manifest @standard-schema/utils@^0.3.0
151 silly packumentCache full:https://registry.npmjs.org/@standard-schema%2futils cache-miss
152 http fetch GET 200 https://registry.npmjs.org/@emotion%2fcache 1785ms (cache miss)
153 silly packumentCache full:https://registry.npmjs.org/@emotion%2fcache set size:undefined disposed:false
154 silly fetch manifest clsx@^2.1.1
155 silly packumentCache full:https://registry.npmjs.org/clsx cache-miss
156 http cache https://registry.npmjs.org/clsx 9ms (cache hit)
157 silly packumentCache full:https://registry.npmjs.org/clsx set size:42506 disposed:false
158 silly fetch manifest react-is@^19.2.3
159 silly packumentCache full:https://registry.npmjs.org/react-is cache-miss
160 http fetch GET 200 https://registry.npmjs.org/hoist-non-react-statics 504ms (cache miss)
161 silly packumentCache full:https://registry.npmjs.org/hoist-non-react-statics set size:undefined disposed:false
162 silly fetch manifest @mui/types@^7.4.12
163 silly packumentCache full:https://registry.npmjs.org/@mui%2ftypes cache-miss
164 http fetch GET 200 https://registry.npmjs.org/@standard-schema%2futils 293ms (cache miss)
165 silly packumentCache full:https://registry.npmjs.org/@standard-schema%2futils set size:undefined disposed:false
166 silly fetch manifest @mui/utils@^7.3.9
167 silly packumentCache full:https://registry.npmjs.org/@mui%2futils cache-miss
168 http fetch GET 200 https://registry.npmjs.org/@mui%2ftypes 530ms (cache miss)
169 silly packumentCache full:https://registry.npmjs.org/@mui%2ftypes set size:undefined disposed:false
170 silly fetch manifest @mui/system@^7.3.9
171 silly packumentCache full:https://registry.npmjs.org/@mui%2fsystem cache-miss
172 http fetch GET 200 https://registry.npmjs.org/@mui%2futils 1236ms (cache miss)
173 silly packumentCache full:https://registry.npmjs.org/@mui%2futils set size:undefined disposed:false
174 silly fetch manifest @babel/runtime@^7.28.6
175 silly packumentCache full:https://registry.npmjs.org/@babel%2fruntime cache-miss
176 http fetch GET 200 https://registry.npmjs.org/@mui%2fsystem 748ms (cache miss)
177 silly packumentCache full:https://registry.npmjs.org/@mui%2fsystem set size:undefined disposed:false
178 silly fetch manifest @popperjs/core@^2.11.8
179 silly packumentCache full:https://registry.npmjs.org/@popperjs%2fcore cache-miss
180 http cache https://registry.npmjs.org/@babel%2fruntime 111ms (cache hit)
181 silly packumentCache full:https://registry.npmjs.org/@babel%2fruntime set size:3322062 disposed:false
182 silly fetch manifest react-transition-group@^4.4.5
183 silly packumentCache full:https://registry.npmjs.org/react-transition-group cache-miss
184 http fetch GET 200 https://registry.npmjs.org/@popperjs%2fcore 1066ms (cache miss)
185 silly packumentCache full:https://registry.npmjs.org/@popperjs%2fcore set size:undefined disposed:false
186 silly fetch manifest @mui/core-downloads-tracker@^7.3.9
187 silly packumentCache full:https://registry.npmjs.org/@mui%2fcore-downloads-tracker cache-miss
188 http fetch GET 200 https://registry.npmjs.org/react-transition-group 885ms (cache miss)
189 silly packumentCache full:https://registry.npmjs.org/react-transition-group set size:undefined disposed:false
190 silly fetch manifest @types/react-transition-group@^4.4.12
191 silly packumentCache full:https://registry.npmjs.org/@types%2freact-transition-group cache-miss
192 http fetch GET 200 https://registry.npmjs.org/@types%2freact-transition-group 626ms (cache miss)
193 silly packumentCache full:https://registry.npmjs.org/@types%2freact-transition-group set size:undefined disposed:false
194 silly fetch manifest @tanstack/query-core@5.90.20
195 silly packumentCache full:https://registry.npmjs.org/@tanstack%2fquery-core cache-miss
196 http fetch GET 200 https://registry.npmjs.org/@mui%2fcore-downloads-tracker 743ms (cache miss)
197 silly packumentCache full:https://registry.npmjs.org/@mui%2fcore-downloads-tracker set size:undefined disposed:false
198 silly fetch manifest follow-redirects@^1.15.11
199 silly packumentCache full:https://registry.npmjs.org/follow-redirects cache-miss
200 http fetch GET 200 https://registry.npmjs.org/follow-redirects 1343ms (cache miss)
201 silly packumentCache full:https://registry.npmjs.org/follow-redirects set size:undefined disposed:false
202 silly fetch manifest form-data@^4.0.5
203 silly packumentCache full:https://registry.npmjs.org/form-data cache-miss
204 http fetch GET 200 https://registry.npmjs.org/@tanstack%2fquery-core 1524ms (cache miss)
205 silly packumentCache full:https://registry.npmjs.org/@tanstack%2fquery-core set size:undefined disposed:false
206 silly fetch manifest proxy-from-env@^1.1.0
207 silly packumentCache full:https://registry.npmjs.org/proxy-from-env cache-miss
208 http fetch GET 200 https://registry.npmjs.org/react-is 5098ms (cache miss)
209 silly packumentCache full:https://registry.npmjs.org/react-is set size:undefined disposed:false
210 silly fetch manifest motion-dom@^12.36.0
211 silly packumentCache full:https://registry.npmjs.org/motion-dom cache-miss
212 http fetch GET 200 https://registry.npmjs.org/form-data 563ms (cache miss)
213 silly packumentCache full:https://registry.npmjs.org/form-data set size:undefined disposed:false
214 silly fetch manifest motion-utils@^12.36.0
215 silly packumentCache full:https://registry.npmjs.org/motion-utils cache-miss
216 http fetch GET 200 https://registry.npmjs.org/proxy-from-env 866ms (cache miss)
217 silly packumentCache full:https://registry.npmjs.org/proxy-from-env set size:undefined disposed:false
218 silly fetch manifest attr-accept@^2.2.4
219 silly packumentCache full:https://registry.npmjs.org/attr-accept cache-miss
220 http fetch GET 200 https://registry.npmjs.org/motion-utils 468ms (cache miss)
221 silly packumentCache full:https://registry.npmjs.org/motion-utils set size:undefined disposed:false
222 silly fetch manifest file-selector@^2.1.0
223 silly packumentCache full:https://registry.npmjs.org/file-selector cache-miss
224 http fetch GET 200 https://registry.npmjs.org/motion-dom 583ms (cache miss)
225 silly packumentCache full:https://registry.npmjs.org/motion-dom set size:undefined disposed:false
226 http fetch GET 200 https://registry.npmjs.org/attr-accept 452ms (cache miss)
227 silly packumentCache full:https://registry.npmjs.org/attr-accept set size:undefined disposed:false
228 http fetch GET 200 https://registry.npmjs.org/file-selector 449ms (cache miss)
229 silly packumentCache full:https://registry.npmjs.org/file-selector set size:undefined disposed:false
230 silly fetch manifest react@>=16.8.0
231 silly packumentCache full:https://registry.npmjs.org/react cache-miss
232 http cache https://registry.npmjs.org/react 103ms (cache hit)
233 silly packumentCache full:https://registry.npmjs.org/react set size:6543561 disposed:false
234 silly placeDep ROOT @babel/runtime@7.28.6 OK for: @emotion/react@11.14.0 want: ^7.18.3
235 silly placeDep ROOT @emotion/babel-plugin@11.13.5 OK for: @emotion/react@11.14.0 want: ^11.13.5
236 silly placeDep ROOT @emotion/cache@11.14.0 OK for: @emotion/react@11.14.0 want: ^11.14.0
237 silly placeDep ROOT @emotion/serialize@1.3.3 OK for: @emotion/react@11.14.0 want: ^1.3.3
238 silly placeDep ROOT @emotion/use-insertion-effect-with-fallbacks@1.2.0 OK for: @emotion/react@11.14.0 want: ^1.2.0
239 silly placeDep ROOT @emotion/utils@1.4.2 OK for: @emotion/react@11.14.0 want: ^1.4.2
240 silly placeDep ROOT @emotion/weak-memoize@0.4.0 OK for: @emotion/react@11.14.0 want: ^0.4.0
241 silly placeDep ROOT hoist-non-react-statics@3.3.2 OK for: @emotion/react@11.14.0 want: ^3.3.1
242 silly fetch manifest @emotion/hash@^0.9.2
243 silly packumentCache full:https://registry.npmjs.org/@emotion%2fhash cache-miss
244 silly fetch manifest @emotion/memoize@^0.9.0
245 silly packumentCache full:https://registry.npmjs.org/@emotion%2fmemoize cache-miss
246 silly fetch manifest babel-plugin-macros@^3.1.0
247 silly packumentCache full:https://registry.npmjs.org/babel-plugin-macros cache-miss
248 http fetch GET 200 https://registry.npmjs.org/@emotion%2fhash 437ms (cache miss)
249 silly packumentCache full:https://registry.npmjs.org/@emotion%2fhash set size:undefined disposed:false
250 silly fetch manifest convert-source-map@^1.5.0
251 silly packumentCache full:https://registry.npmjs.org/convert-source-map cache-miss
252 http fetch GET 200 https://registry.npmjs.org/babel-plugin-macros 441ms (cache miss)
253 silly packumentCache full:https://registry.npmjs.org/babel-plugin-macros set size:undefined disposed:false
254 silly fetch manifest find-root@^1.1.0
255 silly packumentCache full:https://registry.npmjs.org/find-root cache-miss
256 http fetch GET 200 https://registry.npmjs.org/@emotion%2fmemoize 546ms (cache miss)
257 silly packumentCache full:https://registry.npmjs.org/@emotion%2fmemoize set size:undefined disposed:false
258 silly fetch manifest source-map@^0.5.7
259 silly packumentCache full:https://registry.npmjs.org/source-map cache-miss
260 http fetch GET 200 https://registry.npmjs.org/find-root 363ms (cache miss)
261 silly packumentCache full:https://registry.npmjs.org/find-root set size:undefined disposed:false
262 silly fetch manifest stylis@4.2.0
263 silly packumentCache full:https://registry.npmjs.org/stylis cache-miss
264 http fetch GET 200 https://registry.npmjs.org/source-map 348ms (cache miss)
265 silly packumentCache full:https://registry.npmjs.org/source-map set size:undefined disposed:false
266 silly fetch manifest @emotion/sheet@^1.4.0
267 silly packumentCache full:https://registry.npmjs.org/@emotion%2fsheet cache-miss
268 http fetch GET 200 https://registry.npmjs.org/convert-source-map 611ms (cache miss)
269 silly packumentCache full:https://registry.npmjs.org/convert-source-map set size:undefined disposed:false
270 silly fetch manifest stylis@4.2.0
271 silly packumentCache full:https://registry.npmjs.org/stylis cache-miss
272 http fetch GET 200 https://registry.npmjs.org/@emotion%2fsheet 569ms (cache miss)
273 silly packumentCache full:https://registry.npmjs.org/@emotion%2fsheet set size:undefined disposed:false
274 silly fetch manifest @emotion/unitless@^0.10.0
275 silly packumentCache full:https://registry.npmjs.org/@emotion%2funitless cache-miss
276 http fetch GET 200 https://registry.npmjs.org/stylis 669ms (cache miss)
277 silly packumentCache full:https://registry.npmjs.org/stylis set size:undefined disposed:false
278 http fetch GET 200 https://registry.npmjs.org/stylis 705ms (cache miss)
279 silly packumentCache full:https://registry.npmjs.org/stylis set size:undefined disposed:false
280 http fetch GET 200 https://registry.npmjs.org/@emotion%2funitless 467ms (cache miss)
281 silly packumentCache full:https://registry.npmjs.org/@emotion%2funitless set size:undefined disposed:false
282 silly placeDep ROOT @emotion/hash@0.9.2 OK for: @emotion/babel-plugin@11.13.5 want: ^0.9.2
283 silly placeDep ROOT @emotion/memoize@0.9.0 OK for: @emotion/babel-plugin@11.13.5 want: ^0.9.0
284 silly placeDep ROOT babel-plugin-macros@3.1.0 OK for: @emotion/babel-plugin@11.13.5 want: ^3.1.0
285 silly placeDep node_modules/@emotion/babel-plugin convert-source-map@1.9.0 OK for: @emotion/babel-plugin@11.13.5 want: ^1.5.0
286 silly placeDep ROOT find-root@1.1.0 OK for: @emotion/babel-plugin@11.13.5 want: ^1.1.0
287 silly placeDep ROOT source-map@0.5.7 OK for: @emotion/babel-plugin@11.13.5 want: ^0.5.7
288 silly placeDep ROOT stylis@4.2.0 OK for: @emotion/babel-plugin@11.13.5 want: 4.2.0
289 silly fetch manifest cosmiconfig@^7.0.0
290 silly packumentCache full:https://registry.npmjs.org/cosmiconfig cache-miss
291 http fetch GET 200 https://registry.npmjs.org/cosmiconfig 605ms (cache miss)
292 silly packumentCache full:https://registry.npmjs.org/cosmiconfig set size:undefined disposed:false
293 silly placeDep ROOT @emotion/sheet@1.4.0 OK for: @emotion/cache@11.14.0 want: ^1.4.0
294 silly placeDep ROOT @emotion/unitless@0.10.0 OK for: @emotion/serialize@1.3.3 want: ^0.10.0
295 silly placeDep ROOT @emotion/is-prop-valid@1.4.0 OK for: @emotion/styled@11.14.1 want: ^1.3.0
296 silly placeDep ROOT @standard-schema/utils@0.3.0 OK for: @hookform/resolvers@5.2.2 want: ^0.3.0
297 silly fetch manifest @types/react@^17.0.0 || ^18.0.0 || ^19.0.0
298 silly packumentCache full:https://registry.npmjs.org/@types%2freact cache-miss
299 http cache https://registry.npmjs.org/@types%2freact 46ms (cache hit)
300 silly packumentCache full:https://registry.npmjs.org/@types%2freact set size:2588986 disposed:false
301 silly fetch manifest react@^17.0.0 || ^18.0.0 || ^19.0.0
302 silly packumentCache full:https://registry.npmjs.org/react cache-miss
303 http cache https://registry.npmjs.org/react 88ms (cache hit)
304 silly packumentCache full:https://registry.npmjs.org/react set size:6543561 disposed:false
305 silly fetch manifest @emotion/react@^11.5.0
306 silly packumentCache full:https://registry.npmjs.org/@emotion%2freact cache-miss
307 http cache https://registry.npmjs.org/@emotion%2freact 70ms (cache hit)
308 silly packumentCache full:https://registry.npmjs.org/@emotion%2freact set size:196548 disposed:false
309 silly fetch manifest @emotion/styled@^11.3.0
310 silly packumentCache full:https://registry.npmjs.org/@emotion%2fstyled cache-miss
311 http cache https://registry.npmjs.org/@emotion%2fstyled 45ms (cache hit)
312 silly packumentCache full:https://registry.npmjs.org/@emotion%2fstyled set size:286397 disposed:false
313 silly fetch manifest react-dom@^17.0.0 || ^18.0.0 || ^19.0.0
314 silly packumentCache full:https://registry.npmjs.org/react-dom cache-miss
315 http cache https://registry.npmjs.org/react-dom 151ms (cache hit)
316 silly packumentCache full:https://registry.npmjs.org/react-dom set size:8685222 disposed:false
317 silly placeDep ROOT @mui/core-downloads-tracker@7.3.9 OK for: @mui/material@7.3.9 want: ^7.3.9
318 silly placeDep ROOT @mui/system@7.3.9 OK for: @mui/material@7.3.9 want: ^7.3.9
319 silly placeDep ROOT @mui/types@7.4.12 OK for: @mui/material@7.3.9 want: ^7.4.12
320 silly placeDep ROOT @mui/utils@7.3.9 OK for: @mui/material@7.3.9 want: ^7.3.9
321 silly placeDep ROOT @popperjs/core@2.11.8 OK for: @mui/material@7.3.9 want: ^2.11.8
322 silly placeDep ROOT @types/react-transition-group@4.4.12 OK for: @mui/material@7.3.9 want: ^4.4.12
323 silly placeDep node_modules/@mui/material react-is@19.2.4 OK for: @mui/material@7.3.9 want: ^19.2.3
324 silly placeDep ROOT react-transition-group@4.4.5 OK for: @mui/material@7.3.9 want: ^4.4.5
325 silly fetch manifest @mui/styled-engine@^7.3.9
326 silly packumentCache full:https://registry.npmjs.org/@mui%2fstyled-engine cache-miss
327 silly fetch manifest @mui/private-theming@^7.3.9
328 silly packumentCache full:https://registry.npmjs.org/@mui%2fprivate-theming cache-miss
329 silly fetch manifest @types/prop-types@^15.7.15
330 silly packumentCache full:https://registry.npmjs.org/@types%2fprop-types cache-miss
331 http fetch GET 200 https://registry.npmjs.org/@types%2fprop-types 555ms (cache miss)
332 silly packumentCache full:https://registry.npmjs.org/@types%2fprop-types set size:undefined disposed:false
333 silly fetch manifest dom-helpers@^5.0.1
334 silly packumentCache full:https://registry.npmjs.org/dom-helpers cache-miss
335 http fetch GET 200 https://registry.npmjs.org/@mui%2fprivate-theming 571ms (cache miss)
336 silly packumentCache full:https://registry.npmjs.org/@mui%2fprivate-theming set size:undefined disposed:false
337 http fetch GET 200 https://registry.npmjs.org/@mui%2fstyled-engine 675ms (cache miss)
338 silly packumentCache full:https://registry.npmjs.org/@mui%2fstyled-engine set size:undefined disposed:false
339 http fetch GET 200 https://registry.npmjs.org/dom-helpers 455ms (cache miss)
340 silly packumentCache full:https://registry.npmjs.org/dom-helpers set size:undefined disposed:false
341 silly placeDep ROOT @mui/private-theming@7.3.9 OK for: @mui/system@7.3.9 want: ^7.3.9
342 silly placeDep ROOT @mui/styled-engine@7.3.9 OK for: @mui/system@7.3.9 want: ^7.3.9
343 silly placeDep ROOT @types/prop-types@15.7.15 OK for: @mui/utils@7.3.9 want: ^15.7.15
344 silly placeDep node_modules/@mui/utils react-is@19.2.4 OK for: @mui/utils@7.3.9 want: ^19.2.3
345 silly placeDep ROOT @tanstack/query-core@5.90.20 OK for: @tanstack/react-query@5.90.21 want: 5.90.20
346 silly placeDep ROOT follow-redirects@1.15.11 OK for: axios@1.13.6 want: ^1.15.11
347 silly placeDep ROOT form-data@4.0.5 OK for: axios@1.13.6 want: ^4.0.5
348 silly placeDep ROOT proxy-from-env@1.1.0 OK for: axios@1.13.6 want: ^1.1.0
349 silly fetch manifest asynckit@^0.4.0
350 silly packumentCache full:https://registry.npmjs.org/asynckit cache-miss
351 silly fetch manifest combined-stream@^1.0.8
352 silly packumentCache full:https://registry.npmjs.org/combined-stream cache-miss
353 silly fetch manifest mime-types@^2.1.12
354 silly packumentCache full:https://registry.npmjs.org/mime-types cache-miss
355 http fetch GET 200 https://registry.npmjs.org/combined-stream 497ms (cache miss)
356 silly packumentCache full:https://registry.npmjs.org/combined-stream set size:undefined disposed:false
357 http fetch GET 200 https://registry.npmjs.org/mime-types 492ms (cache miss)
358 silly packumentCache full:https://registry.npmjs.org/mime-types set size:undefined disposed:false
359 http fetch GET 200 https://registry.npmjs.org/asynckit 513ms (cache miss)
360 silly packumentCache full:https://registry.npmjs.org/asynckit set size:undefined disposed:false
361 silly placeDep ROOT cosmiconfig@7.1.0 OK for: babel-plugin-macros@3.1.0 want: ^7.0.0
362 silly fetch manifest yaml@^1.10.0
363 silly packumentCache full:https://registry.npmjs.org/yaml cache-miss
364 silly fetch manifest path-type@^4.0.0
365 silly packumentCache full:https://registry.npmjs.org/path-type cache-miss
366 silly fetch manifest parse-json@^5.0.0
367 silly packumentCache full:https://registry.npmjs.org/parse-json cache-miss
368 http fetch GET 200 https://registry.npmjs.org/path-type 676ms (cache miss)
369 silly packumentCache full:https://registry.npmjs.org/path-type set size:undefined disposed:false
370 silly fetch manifest @types/parse-json@^4.0.0
371 silly packumentCache full:https://registry.npmjs.org/@types%2fparse-json cache-miss
372 http fetch GET 200 https://registry.npmjs.org/parse-json 685ms (cache miss)
373 silly packumentCache full:https://registry.npmjs.org/parse-json set size:undefined disposed:false
374 http fetch GET 200 https://registry.npmjs.org/yaml 714ms (cache miss)
375 silly packumentCache full:https://registry.npmjs.org/yaml set size:undefined disposed:false
376 http fetch GET 200 https://registry.npmjs.org/@types%2fparse-json 323ms (cache miss)
377 silly packumentCache full:https://registry.npmjs.org/@types%2fparse-json set size:undefined disposed:false
378 silly placeDep ROOT @types/parse-json@4.0.2 OK for: cosmiconfig@7.1.0 want: ^4.0.0
379 silly placeDep ROOT parse-json@5.2.0 OK for: cosmiconfig@7.1.0 want: ^5.0.0
380 silly placeDep ROOT path-type@4.0.0 OK for: cosmiconfig@7.1.0 want: ^4.0.0
381 silly placeDep ROOT yaml@1.10.2 OK for: cosmiconfig@7.1.0 want: ^1.10.0
382 silly fetch manifest error-ex@^1.3.1
383 silly packumentCache full:https://registry.npmjs.org/error-ex cache-miss
384 silly fetch manifest lines-and-columns@^1.1.6
385 silly packumentCache full:https://registry.npmjs.org/lines-and-columns cache-miss
386 silly fetch manifest json-parse-even-better-errors@^2.3.0
387 silly packumentCache full:https://registry.npmjs.org/json-parse-even-better-errors cache-miss
388 http fetch GET 200 https://registry.npmjs.org/lines-and-columns 579ms (cache miss)
389 silly packumentCache full:https://registry.npmjs.org/lines-and-columns set size:undefined disposed:false
390 http fetch GET 200 https://registry.npmjs.org/error-ex 587ms (cache miss)
391 silly packumentCache full:https://registry.npmjs.org/error-ex set size:undefined disposed:false
392 http fetch GET 200 https://registry.npmjs.org/json-parse-even-better-errors 593ms (cache miss)
393 silly packumentCache full:https://registry.npmjs.org/json-parse-even-better-errors set size:undefined disposed:false
394 silly placeDep ROOT asynckit@0.4.0 OK for: form-data@4.0.5 want: ^0.4.0
395 silly placeDep ROOT combined-stream@1.0.8 OK for: form-data@4.0.5 want: ^1.0.8
396 silly placeDep ROOT mime-types@2.1.35 OK for: form-data@4.0.5 want: ^2.1.12
397 silly fetch manifest delayed-stream@~1.0.0
398 silly packumentCache full:https://registry.npmjs.org/delayed-stream cache-miss
399 silly fetch manifest mime-db@1.52.0
400 silly packumentCache full:https://registry.npmjs.org/mime-db cache-miss
401 http fetch GET 200 https://registry.npmjs.org/delayed-stream 248ms (cache miss)
402 silly packumentCache full:https://registry.npmjs.org/delayed-stream set size:undefined disposed:false
403 http fetch GET 200 https://registry.npmjs.org/mime-db 599ms (cache miss)
404 silly packumentCache full:https://registry.npmjs.org/mime-db set size:undefined disposed:false
405 silly placeDep ROOT delayed-stream@1.0.0 OK for: combined-stream@1.0.8 want: ~1.0.0
406 silly placeDep ROOT motion-dom@12.36.0 OK for: framer-motion@12.36.0 want: ^12.36.0
407 silly placeDep ROOT motion-utils@12.36.0 OK for: framer-motion@12.36.0 want: ^12.36.0
408 silly placeDep ROOT mime-db@1.52.0 OK for: mime-types@2.1.35 want: 1.52.0
409 silly placeDep ROOT error-ex@1.3.4 OK for: parse-json@5.2.0 want: ^1.3.1
410 silly placeDep ROOT json-parse-even-better-errors@2.3.1 OK for: parse-json@5.2.0 want: ^2.3.0
411 silly placeDep ROOT lines-and-columns@1.2.4 OK for: parse-json@5.2.0 want: ^1.1.6
412 silly fetch manifest is-arrayish@^0.2.1
413 silly packumentCache full:https://registry.npmjs.org/is-arrayish cache-miss
414 http fetch GET 200 https://registry.npmjs.org/is-arrayish 380ms (cache miss)
415 silly packumentCache full:https://registry.npmjs.org/is-arrayish set size:undefined disposed:false
416 silly placeDep ROOT is-arrayish@0.2.1 OK for: error-ex@1.3.4 want: ^0.2.1
417 silly placeDep ROOT attr-accept@2.2.5 OK for: react-dropzone@15.0.0 want: ^2.2.4
418 silly placeDep ROOT file-selector@2.1.2 OK for: react-dropzone@15.0.0 want: ^2.1.0
419 silly placeDep ROOT dom-helpers@5.2.1 OK for: react-transition-group@4.4.5 want: ^5.0.1
420 silly reify moves {}
421 silly audit bulk request {
421 silly audit   '@alloc/quick-lru': [ '5.2.0' ],
421 silly audit   '@babel/code-frame': [ '7.29.0' ],
421 silly audit   '@babel/compat-data': [ '7.29.0' ],
421 silly audit   '@babel/core': [ '7.29.0' ],
421 silly audit   '@babel/generator': [ '7.29.1' ],
421 silly audit   '@babel/helper-compilation-targets': [ '7.28.6' ],
421 silly audit   '@babel/helper-globals': [ '7.28.0' ],
421 silly audit   '@babel/helper-module-imports': [ '7.28.6' ],
421 silly audit   '@babel/helper-module-transforms': [ '7.28.6' ],
421 silly audit   '@babel/helper-string-parser': [ '7.27.1' ],
421 silly audit   '@babel/helper-validator-identifier': [ '7.28.5' ],
421 silly audit   '@babel/helper-validator-option': [ '7.27.1' ],
421 silly audit   '@babel/helpers': [ '7.28.6' ],
421 silly audit   '@babel/parser': [ '7.29.0' ],
421 silly audit   '@babel/template': [ '7.28.6' ],
421 silly audit   '@babel/traverse': [ '7.29.0' ],
421 silly audit   '@babel/types': [ '7.29.0' ],
421 silly audit   '@emnapi/core': [ '1.9.0' ],
421 silly audit   '@emnapi/runtime': [ '1.9.0' ],
421 silly audit   '@emnapi/wasi-threads': [ '1.2.0' ],
421 silly audit   '@eslint-community/eslint-utils': [ '4.9.1' ],
421 silly audit   'eslint-visitor-keys': [ '3.4.3', '5.0.1', '4.2.1' ],
421 silly audit   '@eslint-community/regexpp': [ '4.12.2' ],
421 silly audit   '@eslint/config-array': [ '0.21.2' ],
421 silly audit   '@eslint/config-helpers': [ '0.4.2' ],
421 silly audit   '@eslint/core': [ '0.17.0' ],
421 silly audit   '@eslint/eslintrc': [ '3.3.5' ],
421 silly audit   '@eslint/js': [ '9.39.4' ],
421 silly audit   '@eslint/object-schema': [ '2.1.7' ],
421 silly audit   '@eslint/plugin-kit': [ '0.4.1' ],
421 silly audit   '@humanfs/core': [ '0.19.1' ],
421 silly audit   '@humanfs/node': [ '0.16.7' ],
421 silly audit   '@humanwhocodes/module-importer': [ '1.0.1' ],
421 silly audit   '@humanwhocodes/retry': [ '0.4.3' ],
421 silly audit   '@img/colour': [ '1.1.0' ],
421 silly audit   '@img/sharp-darwin-arm64': [ '0.34.5' ],
421 silly audit   '@img/sharp-darwin-x64': [ '0.34.5' ],
421 silly audit   '@img/sharp-libvips-darwin-arm64': [ '1.2.4' ],
421 silly audit   '@img/sharp-libvips-darwin-x64': [ '1.2.4' ],
421 silly audit   '@img/sharp-libvips-linux-arm': [ '1.2.4' ],
421 silly audit   '@img/sharp-libvips-linux-arm64': [ '1.2.4' ],
421 silly audit   '@img/sharp-libvips-linux-ppc64': [ '1.2.4' ],
421 silly audit   '@img/sharp-libvips-linux-riscv64': [ '1.2.4' ],
421 silly audit   '@img/sharp-libvips-linux-s390x': [ '1.2.4' ],
421 silly audit   '@img/sharp-libvips-linux-x64': [ '1.2.4' ],
421 silly audit   '@img/sharp-libvips-linuxmusl-arm64': [ '1.2.4' ],
421 silly audit   '@img/sharp-libvips-linuxmusl-x64': [ '1.2.4' ],
421 silly audit   '@img/sharp-linux-arm': [ '0.34.5' ],
421 silly audit   '@img/sharp-linux-arm64': [ '0.34.5' ],
421 silly audit   '@img/sharp-linux-ppc64': [ '0.34.5' ],
421 silly audit   '@img/sharp-linux-riscv64': [ '0.34.5' ],
421 silly audit   '@img/sharp-linux-s390x': [ '0.34.5' ],
421 silly audit   '@img/sharp-linux-x64': [ '0.34.5' ],
421 silly audit   '@img/sharp-linuxmusl-arm64': [ '0.34.5' ],
421 silly audit   '@img/sharp-linuxmusl-x64': [ '0.34.5' ],
421 silly audit   '@img/sharp-wasm32': [ '0.34.5' ],
421 silly audit   '@img/sharp-win32-arm64': [ '0.34.5' ],
421 silly audit   '@img/sharp-win32-ia32': [ '0.34.5' ],
421 silly audit   '@img/sharp-win32-x64': [ '0.34.5' ],
421 silly audit   '@jridgewell/gen-mapping': [ '0.3.13' ],
421 silly audit   '@jridgewell/remapping': [ '2.3.5' ],
421 silly audit   '@jridgewell/resolve-uri': [ '3.1.2' ],
421 silly audit   '@jridgewell/sourcemap-codec': [ '1.5.5' ],
421 silly audit   '@jridgewell/trace-mapping': [ '0.3.31' ],
421 silly audit   '@napi-rs/wasm-runtime': [ '0.2.12' ],
421 silly audit   '@next/env': [ '16.1.6' ],
421 silly audit   '@next/eslint-plugin-next': [ '16.1.6' ],
421 silly audit   '@next/swc-darwin-arm64': [ '16.1.6' ],
421 silly audit   '@next/swc-darwin-x64': [ '16.1.6' ],
421 silly audit   '@next/swc-linux-arm64-gnu': [ '16.1.6' ],
421 silly audit   '@next/swc-linux-arm64-musl': [ '16.1.6' ],
421 silly audit   '@next/swc-linux-x64-gnu': [ '16.1.6' ],
421 silly audit   '@next/swc-linux-x64-musl': [ '16.1.6' ],
421 silly audit   '@next/swc-win32-arm64-msvc': [ '16.1.6' ],
421 silly audit   '@next/swc-win32-x64-msvc': [ '16.1.6' ],
421 silly audit   '@nodelib/fs.scandir': [ '2.1.5' ],
421 silly audit   '@nodelib/fs.stat': [ '2.0.5' ],
421 silly audit   '@nodelib/fs.walk': [ '1.2.8' ],
421 silly audit   '@nolyfill/is-core-module': [ '1.0.39' ],
421 silly audit   '@rtsao/scc': [ '1.1.0' ],
421 silly audit   '@swc/helpers': [ '0.5.15' ],
421 silly audit   '@tailwindcss/node': [ '4.2.1' ],
421 silly audit   '@tailwindcss/oxide': [ '4.2.1' ],
421 silly audit   '@tailwindcss/oxide-android-arm64': [ '4.2.1' ],
421 silly audit   '@tailwindcss/oxide-darwin-arm64': [ '4.2.1' ],
421 silly audit   '@tailwindcss/oxide-darwin-x64': [ '4.2.1' ],
421 silly audit   '@tailwindcss/oxide-freebsd-x64': [ '4.2.1' ],
421 silly audit   '@tailwindcss/oxide-linux-arm-gnueabihf': [ '4.2.1' ],
421 silly audit   '@tailwindcss/oxide-linux-arm64-gnu': [ '4.2.1' ],
421 silly audit   '@tailwindcss/oxide-linux-arm64-musl': [ '4.2.1' ],
421 silly audit   '@tailwindcss/oxide-linux-x64-gnu': [ '4.2.1' ],
421 silly audit   '@tailwindcss/oxide-linux-x64-musl': [ '4.2.1' ],
421 silly audit   '@tailwindcss/oxide-wasm32-wasi': [ '4.2.1' ],
421 silly audit   '@tailwindcss/oxide-win32-arm64-msvc': [ '4.2.1' ],
421 silly audit   '@tailwindcss/oxide-win32-x64-msvc': [ '4.2.1' ],
421 silly audit   '@tailwindcss/postcss': [ '4.2.1' ],
421 silly audit   '@tybys/wasm-util': [ '0.10.1' ],
421 silly audit   '@types/estree': [ '1.0.8' ],
421 silly audit   '@types/json-schema': [ '7.0.15' ],
421 silly audit   '@types/json5': [ '0.0.29' ],
421 silly audit   '@types/node': [ '20.19.37' ],
421 silly audit   '@types/react': [ '19.2.14' ],
421 silly audit   '@types/react-dom': [ '19.2.3' ],
421 silly audit   '@typescript-eslint/eslint-plugin': [ '8.57.0' ],
421 silly audit   ignore: [ '7.0.5', '5.3.2' ],
421 silly audit   '@typescript-eslint/parser': [ '8.57.0' ],
421 silly audit   '@typescript-eslint/project-service': [ '8.57.0' ],
421 silly audit   '@typescript-eslint/scope-manager': [ '8.57.0' ],
421 silly audit   '@typescript-eslint/tsconfig-utils': [ '8.57.0' ],
421 silly audit   '@typescript-eslint/type-utils': [ '8.57.0' ],
421 silly audit   '@typescript-eslint/types': [ '8.57.0' ],
421 silly audit   '@typescript-eslint/typescript-estree': [ '8.57.0' ],
421 silly audit   'balanced-match': [ '4.0.4', '1.0.2' ],
421 silly audit   'brace-expansion': [ '5.0.4', '1.1.12' ],
421 silly audit   minimatch: [ '10.2.4', '3.1.5' ],
421 silly audit   semver: [ '7.7.4', '6.3.1' ],
421 silly audit   '@typescript-eslint/utils': [ '8.57.0' ],
421 silly audit   '@typescript-eslint/visitor-keys': [ '8.57.0' ],
421 silly audit   '@unrs/resolver-binding-android-arm-eabi': [ '1.11.1' ],
421 silly audit   '@unrs/resolver-binding-android-arm64': [ '1.11.1' ],
421 silly audit   '@unrs/resolver-binding-darwin-arm64': [ '1.11.1' ],
421 silly audit   '@unrs/resolver-binding-darwin-x64': [ '1.11.1' ],
421 silly audit   '@unrs/resolver-binding-freebsd-x64': [ '1.11.1' ],
421 silly audit   '@unrs/resolver-binding-linux-arm-gnueabihf': [ '1.11.1' ],
421 silly audit   '@unrs/resolver-binding-linux-arm-musleabihf': [ '1.11.1' ],
421 silly audit   '@unrs/resolver-binding-linux-arm64-gnu': [ '1.11.1' ],
421 silly audit   '@unrs/resolver-binding-linux-arm64-musl': [ '1.11.1' ],
421 silly audit   '@unrs/resolver-binding-linux-ppc64-gnu': [ '1.11.1' ],
421 silly audit   '@unrs/resolver-binding-linux-riscv64-gnu': [ '1.11.1' ],
421 silly audit   '@unrs/resolver-binding-linux-riscv64-musl': [ '1.11.1' ],
421 silly audit   '@unrs/resolver-binding-linux-s390x-gnu': [ '1.11.1' ],
421 silly audit   '@unrs/resolver-binding-linux-x64-gnu': [ '1.11.1' ],
421 silly audit   '@unrs/resolver-binding-linux-x64-musl': [ '1.11.1' ],
421 silly audit   '@unrs/resolver-binding-wasm32-wasi': [ '1.11.1' ],
421 silly audit   '@unrs/resolver-binding-win32-arm64-msvc': [ '1.11.1' ],
421 silly audit   '@unrs/resolver-binding-win32-ia32-msvc': [ '1.11.1' ],
421 silly audit   '@unrs/resolver-binding-win32-x64-msvc': [ '1.11.1' ],
421 silly audit   acorn: [ '8.16.0' ],
421 silly audit   'acorn-jsx': [ '5.3.2' ],
421 silly audit   ajv: [ '6.14.0' ],
421 silly audit   'ansi-styles': [ '4.3.0' ],
421 silly audit   argparse: [ '2.0.1' ],
421 silly audit   'aria-query': [ '5.3.2' ],
421 silly audit   'array-buffer-byte-length': [ '1.0.2' ],
421 silly audit   'array-includes': [ '3.1.9' ],
421 silly audit   'array.prototype.findlast': [ '1.2.5' ],
421 silly audit   'array.prototype.findlastindex': [ '1.2.6' ],
421 silly audit   'array.prototype.flat': [ '1.3.3' ],
421 silly audit   'array.prototype.flatmap': [ '1.3.3' ],
421 silly audit   'array.prototype.tosorted': [ '1.1.4' ],
421 silly audit   'arraybuffer.prototype.slice': [ '1.0.4' ],
421 silly audit   'ast-types-flow': [ '0.0.8' ],
421 silly audit   'async-function': [ '1.0.0' ],
421 silly audit   'available-typed-arrays': [ '1.0.7' ],
421 silly audit   'axe-core': [ '4.11.1' ],
421 silly audit   'axobject-query': [ '4.1.0' ],
421 silly audit   'baseline-browser-mapping': [ '2.10.8' ],
421 silly audit   braces: [ '3.0.3' ],
421 silly audit   browserslist: [ '4.28.1' ],
421 silly audit   'call-bind': [ '1.0.8' ],
421 silly audit   'call-bind-apply-helpers': [ '1.0.2' ],
421 silly audit   'call-bound': [ '1.0.4' ],
421 silly audit   callsites: [ '3.1.0' ],
421 silly audit   'caniuse-lite': [ '1.0.30001778' ],
421 silly audit   chalk: [ '4.1.2' ],
421 silly audit   'client-only': [ '0.0.1' ],
421 silly audit   'color-convert': [ '2.0.1' ],
421 silly audit   'color-name': [ '1.1.4' ],
421 silly audit   'concat-map': [ '0.0.1' ],
421 silly audit   'convert-source-map': [ '2.0.0', '1.9.0' ],
421 silly audit   'cross-spawn': [ '7.0.6' ],
421 silly audit   csstype: [ '3.2.3' ],
421 silly audit   'damerau-levenshtein': [ '1.0.8' ],
421 silly audit   'data-view-buffer': [ '1.0.2' ],
421 silly audit   'data-view-byte-length': [ '1.0.2' ],
421 silly audit   'data-view-byte-offset': [ '1.0.1' ],
421 silly audit   debug: [ '4.4.3', '3.2.7' ],
421 silly audit   'deep-is': [ '0.1.4' ],
421 silly audit   'define-data-property': [ '1.1.4' ],
421 silly audit   'define-properties': [ '1.2.1' ],
421 silly audit   'detect-libc': [ '2.1.2' ],
421 silly audit   doctrine: [ '2.1.0' ],
421 silly audit   'dunder-proto': [ '1.0.1' ],
421 silly audit   'electron-to-chromium': [ '1.5.313' ],
421 silly audit   'emoji-regex': [ '9.2.2' ],
421 silly audit   'enhanced-resolve': [ '5.20.0' ],
421 silly audit   'es-abstract': [ '1.24.1' ],
421 silly audit   'es-define-property': [ '1.0.1' ],
421 silly audit   'es-errors': [ '1.3.0' ],
421 silly audit   'es-iterator-helpers': [ '1.3.1' ],
421 silly audit   'es-object-atoms': [ '1.1.1' ],
421 silly audit   'es-set-tostringtag': [ '2.1.0' ],
421 silly audit   'es-shim-unscopables': [ '1.1.0' ],
421 silly audit   'es-to-primitive': [ '1.3.0' ],
421 silly audit   escalade: [ '3.2.0' ],
421 silly audit   'escape-string-regexp': [ '4.0.0' ],
421 silly audit   eslint: [ '9.39.4' ],
421 silly audit   'eslint-config-next': [ '16.1.6' ],
421 silly audit   globals: [ '16.4.0', '14.0.0' ],
421 silly audit   'eslint-import-resolver-node': [ '0.3.9' ],
421 silly audit   'eslint-import-resolver-typescript': [ '3.10.1' ],
421 silly audit   'eslint-module-utils': [ '2.12.1' ],
421 silly audit   'eslint-plugin-import': [ '2.32.0' ],
421 silly audit   'eslint-plugin-jsx-a11y': [ '6.10.2' ],
421 silly audit   'eslint-plugin-react': [ '7.37.5' ],
421 silly audit   'eslint-plugin-react-hooks': [ '7.0.1' ],
421 silly audit   resolve: [ '2.0.0-next.6', '1.22.11' ],
421 silly audit   'eslint-scope': [ '8.4.0' ],
421 silly audit   espree: [ '10.4.0' ],
421 silly audit   esquery: [ '1.7.0' ],
421 silly audit   esrecurse: [ '4.3.0' ],
421 silly audit   estraverse: [ '5.3.0' ],
421 silly audit   esutils: [ '2.0.3' ],
421 silly audit   'fast-deep-equal': [ '3.1.3' ],
421 silly audit   'fast-glob': [ '3.3.1' ],
421 silly audit   'glob-parent': [ '5.1.2', '6.0.2' ],
421 silly audit   'fast-json-stable-stringify': [ '2.1.0' ],
421 silly audit   'fast-levenshtein': [ '2.0.6' ],
421 silly audit   fastq: [ '1.20.1' ],
421 silly audit   'file-entry-cache': [ '8.0.0' ],
421 silly audit   'fill-range': [ '7.1.1' ],
421 silly audit   'find-up': [ '5.0.0' ],
421 silly audit   'flat-cache': [ '4.0.1' ],
421 silly audit   flatted: [ '3.4.1' ],
421 silly audit   'for-each': [ '0.3.5' ],
421 silly audit   'function-bind': [ '1.1.2' ],
421 silly audit   'function.prototype.name': [ '1.1.8' ],
421 silly audit   'functions-have-names': [ '1.2.3' ],
421 silly audit   'generator-function': [ '2.0.1' ],
421 silly audit   gensync: [ '1.0.0-beta.2' ],
421 silly audit   'get-intrinsic': [ '1.3.0' ],
421 silly audit   'get-proto': [ '1.0.1' ],
421 silly audit   'get-symbol-description': [ '1.1.0' ],
421 silly audit   'get-tsconfig': [ '4.13.6' ],
421 silly audit   globalthis: [ '1.0.4' ],
421 silly audit   gopd: [ '1.2.0' ],
421 silly audit   'graceful-fs': [ '4.2.11' ],
421 silly audit   'has-bigints': [ '1.1.0' ],
421 silly audit   'has-flag': [ '4.0.0' ],
421 silly audit   'has-property-descriptors': [ '1.0.2' ],
421 silly audit   'has-proto': [ '1.2.0' ],
421 silly audit   'has-symbols': [ '1.1.0' ],
421 silly audit   'has-tostringtag': [ '1.0.2' ],
421 silly audit   hasown: [ '2.0.2' ],
421 silly audit   'hermes-estree': [ '0.25.1' ],
421 silly audit   'hermes-parser': [ '0.25.1' ],
421 silly audit   'import-fresh': [ '3.3.1' ],
421 silly audit   imurmurhash: [ '0.1.4' ],
421 silly audit   'internal-slot': [ '1.1.0' ],
421 silly audit   'is-array-buffer': [ '3.0.5' ],
421 silly audit   'is-async-function': [ '2.1.1' ],
421 silly audit   'is-bigint': [ '1.1.0' ],
421 silly audit   'is-boolean-object': [ '1.2.2' ],
421 silly audit   'is-bun-module': [ '2.0.0' ],
421 silly audit   'is-callable': [ '1.2.7' ],
421 silly audit   'is-core-module': [ '2.16.1' ],
421 silly audit   'is-data-view': [ '1.0.2' ],
421 silly audit   'is-date-object': [ '1.1.0' ],
421 silly audit   'is-extglob': [ '2.1.1' ],
421 silly audit   'is-finalizationregistry': [ '1.1.1' ],
421 silly audit   'is-generator-function': [ '1.1.2' ],
421 silly audit   'is-glob': [ '4.0.3' ],
421 silly audit   'is-map': [ '2.0.3' ],
421 silly audit   'is-negative-zero': [ '2.0.3' ],
421 silly audit   'is-number': [ '7.0.0' ],
421 silly audit   'is-number-object': [ '1.1.1' ],
421 silly audit   'is-regex': [ '1.2.1' ],
421 silly audit   'is-set': [ '2.0.3' ],
421 silly audit   'is-shared-array-buffer': [ '1.0.4' ],
421 silly audit   'is-string': [ '1.1.1' ],
421 silly audit   'is-symbol': [ '1.1.1' ],
421 silly audit   'is-typed-array': [ '1.1.15' ],
421 silly audit   'is-weakmap': [ '2.0.2' ],
421 silly audit   'is-weakref': [ '1.1.1' ],
421 silly audit   'is-weakset': [ '2.0.4' ],
421 silly audit   isarray: [ '2.0.5' ],
421 silly audit   isexe: [ '2.0.0' ],
421 silly audit   'iterator.prototype': [ '1.1.5' ],
421 silly audit   jiti: [ '2.6.1' ],
421 silly audit   'js-tokens': [ '4.0.0' ],
421 silly audit   'js-yaml': [ '4.1.1' ],
421 silly audit   jsesc: [ '3.1.0' ],
421 silly audit   'json-buffer': [ '3.0.1' ],
421 silly audit   'json-schema-traverse': [ '0.4.1' ],
421 silly audit   'json-stable-stringify-without-jsonify': [ '1.0.1' ],
421 silly audit   json5: [ '2.2.3', '1.0.2' ],
421 silly audit   'jsx-ast-utils': [ '3.3.5' ],
421 silly audit   keyv: [ '4.5.4' ],
421 silly audit   'language-subtag-registry': [ '0.3.23' ],
421 silly audit   'language-tags': [ '1.0.9' ],
421 silly audit   levn: [ '0.4.1' ],
421 silly audit   lightningcss: [ '1.31.1' ],
421 silly audit   'lightningcss-android-arm64': [ '1.31.1' ],
421 silly audit   'lightningcss-darwin-arm64': [ '1.31.1' ],
421 silly audit   'lightningcss-darwin-x64': [ '1.31.1' ],
421 silly audit   'lightningcss-freebsd-x64': [ '1.31.1' ],
421 silly audit   'lightningcss-linux-arm-gnueabihf': [ '1.31.1' ],
421 silly audit   'lightningcss-linux-arm64-gnu': [ '1.31.1' ],
421 silly audit   'lightningcss-linux-arm64-musl': [ '1.31.1' ],
421 silly audit   'lightningcss-linux-x64-gnu': [ '1.31.1' ],
421 silly audit   'lightningcss-linux-x64-musl': [ '1.31.1' ],
421 silly audit   'lightningcss-win32-arm64-msvc': [ '1.31.1' ],
421 silly audit   'lightningcss-win32-x64-msvc': [ '1.31.1' ],
421 silly audit   'locate-path': [ '6.0.0' ],
421 silly audit   'lodash.merge': [ '4.6.2' ],
421 silly audit   'loose-envify': [ '1.4.0' ],
421 silly audit   'lru-cache': [ '5.1.1' ],
421 silly audit   'magic-string': [ '0.30.21' ],
421 silly audit   'math-intrinsics': [ '1.1.0' ],
421 silly audit   merge2: [ '1.4.1' ],
421 silly audit   micromatch: [ '4.0.8' ],
421 silly audit   minimist: [ '1.2.8' ],
421 silly audit   ms: [ '2.1.3' ],
421 silly audit   nanoid: [ '3.3.11' ],
421 silly audit   'napi-postinstall': [ '0.3.4' ],
421 silly audit   'natural-compare': [ '1.4.0' ],
421 silly audit   next: [ '16.1.6' ],
421 silly audit   postcss: [ '8.4.31', '8.5.8' ],
421 silly audit   'node-exports-info': [ '1.6.0' ],
421 silly audit   'node-releases': [ '2.0.36' ],
421 silly audit   'object-assign': [ '4.1.1' ],
421 silly audit   'object-inspect': [ '1.13.4' ],
421 silly audit   'object-keys': [ '1.1.1' ],
421 silly audit   'object.assign': [ '4.1.7' ],
421 silly audit   'object.entries': [ '1.1.9' ],
421 silly audit   'object.fromentries': [ '2.0.8' ],
421 silly audit   'object.groupby': [ '1.0.3' ],
421 silly audit   'object.values': [ '1.2.1' ],
421 silly audit   optionator: [ '0.9.4' ],
421 silly audit   'own-keys': [ '1.0.1' ],
421 silly audit   'p-limit': [ '3.1.0' ],
421 silly audit   'p-locate': [ '5.0.0' ],
421 silly audit   'parent-module': [ '1.0.1' ],
421 silly audit   'path-exists': [ '4.0.0' ],
421 silly audit   'path-key': [ '3.1.1' ],
421 silly audit   'path-parse': [ '1.0.7' ],
421 silly audit   picocolors: [ '1.1.1' ],
421 silly audit   picomatch: [ '2.3.1', '4.0.3' ],
421 silly audit   'possible-typed-array-names': [ '1.1.0' ],
421 silly audit   'prelude-ls': [ '1.2.1' ],
421 silly audit   'prop-types': [ '15.8.1' ],
421 silly audit   punycode: [ '2.3.1' ],
421 silly audit   'queue-microtask': [ '1.2.3' ],
421 silly audit   react: [ '19.2.3' ],
421 silly audit   'react-dom': [ '19.2.3' ],
421 silly audit   'react-is': [ '16.13.1', '19.2.4' ],
421 silly audit   'reflect.getprototypeof': [ '1.0.10' ],
421 silly audit   'regexp.prototype.flags': [ '1.5.4' ],
421 silly audit   'resolve-from': [ '4.0.0' ],
421 silly audit   'resolve-pkg-maps': [ '1.0.0' ],
421 silly audit   reusify: [ '1.1.0' ],
421 silly audit   'run-parallel': [ '1.2.0' ],
421 silly audit   'safe-array-concat': [ '1.1.3' ],
421 silly audit   'safe-push-apply': [ '1.0.0' ],
421 silly audit   'safe-regex-test': [ '1.1.0' ],
421 silly audit   scheduler: [ '0.27.0' ],
421 silly audit   'set-function-length': [ '1.2.2' ],
421 silly audit   'set-function-name': [ '2.0.2' ],
421 silly audit   'set-proto': [ '1.0.0' ],
421 silly audit   sharp: [ '0.34.5' ],
421 silly audit   'shebang-command': [ '2.0.0' ],
421 silly audit   'shebang-regex': [ '3.0.0' ],
421 silly audit   'side-channel': [ '1.1.0' ],
421 silly audit   'side-channel-list': [ '1.0.0' ],
421 silly audit   'side-channel-map': [ '1.0.1' ],
421 silly audit   'side-channel-weakmap': [ '1.0.2' ],
421 silly audit   'source-map-js': [ '1.2.1' ],
421 silly audit   'stable-hash': [ '0.0.5' ],
421 silly audit   'stop-iteration-iterator': [ '1.1.0' ],
421 silly audit   'string.prototype.includes': [ '2.0.1' ],
421 silly audit   'string.prototype.matchall': [ '4.0.12' ],
421 silly audit   'string.prototype.repeat': [ '1.0.0' ],
421 silly audit   'string.prototype.trim': [ '1.2.10' ],
421 silly audit   'string.prototype.trimend': [ '1.0.9' ],
421 silly audit   'string.prototype.trimstart': [ '1.0.8' ],
421 silly audit   'strip-bom': [ '3.0.0' ],
421 silly audit   'strip-json-comments': [ '3.1.1' ],
421 silly audit   'styled-jsx': [ '5.1.6' ],
421 silly audit   'supports-color': [ '7.2.0' ],
421 silly audit   'supports-preserve-symlinks-flag': [ '1.0.0' ],
421 silly audit   tailwindcss: [ '4.2.1' ],
421 silly audit   tapable: [ '2.3.0' ],
421 silly audit   tinyglobby: [ '0.2.15' ],
421 silly audit   fdir: [ '6.5.0' ],
421 silly audit   'to-regex-range': [ '5.0.1' ],
421 silly audit   'ts-api-utils': [ '2.4.0' ],
421 silly audit   'tsconfig-paths': [ '3.15.0' ],
421 silly audit   tslib: [ '2.8.1' ],
421 silly audit   'type-check': [ '0.4.0' ],
421 silly audit   'typed-array-buffer': [ '1.0.3' ],
421 silly audit   'typed-array-byte-length': [ '1.0.3' ],
421 silly audit   'typed-array-byte-offset': [ '1.0.4' ],
421 silly audit   'typed-array-length': [ '1.0.7' ],
421 silly audit   typescript: [ '5.9.3' ],
421 silly audit   'typescript-eslint': [ '8.57.0' ],
421 silly audit   'unbox-primitive': [ '1.1.0' ],
421 silly audit   'undici-types': [ '6.21.0' ],
421 silly audit   'unrs-resolver': [ '1.11.1' ],
421 silly audit   'update-browserslist-db': [ '1.2.3' ],
421 silly audit   'uri-js': [ '4.4.1' ],
421 silly audit   which: [ '2.0.2' ],
421 silly audit   'which-boxed-primitive': [ '1.1.1' ],
421 silly audit   'which-builtin-type': [ '1.2.1' ],
421 silly audit   'which-collection': [ '1.0.2' ],
421 silly audit   'which-typed-array': [ '1.1.20' ],
421 silly audit   'word-wrap': [ '1.2.5' ],
421 silly audit   yallist: [ '3.1.1' ],
421 silly audit   'yocto-queue': [ '0.1.0' ],
421 silly audit   'zod-validation-error': [ '4.0.2' ],
421 silly audit   '@emotion/react': [ '11.14.0' ],
421 silly audit   '@emotion/styled': [ '11.14.1' ],
421 silly audit   '@hookform/resolvers': [ '5.2.2' ],
421 silly audit   '@mui/material': [ '7.3.9' ],
421 silly audit   '@tanstack/react-query': [ '5.90.21' ],
421 silly audit   axios: [ '1.13.6' ],
421 silly audit   clsx: [ '2.1.1' ],
421 silly audit   'date-fns': [ '4.1.0' ],
421 silly audit   'framer-motion': [ '12.36.0' ],
421 silly audit   'lucide-react': [ '0.577.0' ],
421 silly audit   'react-dropzone': [ '15.0.0' ],
421 silly audit   'react-hook-form': [ '7.71.2' ],
421 silly audit   zod: [ '4.3.6' ],
421 silly audit   zustand: [ '5.0.11' ],
421 silly audit   '@babel/runtime': [ '7.28.6' ],
421 silly audit   '@emotion/babel-plugin': [ '11.13.5' ],
421 silly audit   '@emotion/cache': [ '11.14.0' ],
421 silly audit   '@emotion/serialize': [ '1.3.3' ],
421 silly audit   '@emotion/use-insertion-effect-with-fallbacks': [ '1.2.0' ],
421 silly audit   '@emotion/utils': [ '1.4.2' ],
421 silly audit   '@emotion/weak-memoize': [ '0.4.0' ],
421 silly audit   'hoist-non-react-statics': [ '3.3.2' ],
421 silly audit   '@emotion/hash': [ '0.9.2' ],
421 silly audit   '@emotion/memoize': [ '0.9.0' ],
421 silly audit   'babel-plugin-macros': [ '3.1.0' ],
421 silly audit   'find-root': [ '1.1.0' ],
421 silly audit   'source-map': [ '0.5.7' ],
421 silly audit   stylis: [ '4.2.0' ],
421 silly audit   '@emotion/sheet': [ '1.4.0' ],
421 silly audit   '@emotion/unitless': [ '0.10.0' ],
421 silly audit   '@emotion/is-prop-valid': [ '1.4.0' ],
421 silly audit   '@standard-schema/utils': [ '0.3.0' ],
421 silly audit   '@mui/core-downloads-tracker': [ '7.3.9' ],
421 silly audit   '@mui/system': [ '7.3.9' ],
421 silly audit   '@mui/types': [ '7.4.12' ],
421 silly audit   '@mui/utils': [ '7.3.9' ],
421 silly audit   '@popperjs/core': [ '2.11.8' ],
421 silly audit   '@types/react-transition-group': [ '4.4.12' ],
421 silly audit   'react-transition-group': [ '4.4.5' ],
421 silly audit   '@mui/private-theming': [ '7.3.9' ],
421 silly audit   '@mui/styled-engine': [ '7.3.9' ],
421 silly audit   '@types/prop-types': [ '15.7.15' ],
421 silly audit   '@tanstack/query-core': [ '5.90.20' ],
421 silly audit   'follow-redirects': [ '1.15.11' ],
421 silly audit   'form-data': [ '4.0.5' ],
421 silly audit   'proxy-from-env': [ '1.1.0' ],
421 silly audit   cosmiconfig: [ '7.1.0' ],
421 silly audit   '@types/parse-json': [ '4.0.2' ],
421 silly audit   'parse-json': [ '5.2.0' ],
421 silly audit   'path-type': [ '4.0.0' ],
421 silly audit   yaml: [ '1.10.2' ],
421 silly audit   asynckit: [ '0.4.0' ],
421 silly audit   'combined-stream': [ '1.0.8' ],
421 silly audit   'mime-types': [ '2.1.35' ],
421 silly audit   'delayed-stream': [ '1.0.0' ],
421 silly audit   'motion-dom': [ '12.36.0' ],
421 silly audit   'motion-utils': [ '12.36.0' ],
421 silly audit   'mime-db': [ '1.52.0' ],
421 silly audit   'error-ex': [ '1.3.4' ],
421 silly audit   'json-parse-even-better-errors': [ '2.3.1' ],
421 silly audit   'lines-and-columns': [ '1.2.4' ],
421 silly audit   'is-arrayish': [ '0.2.1' ],
421 silly audit   'attr-accept': [ '2.2.5' ],
421 silly audit   'file-selector': [ '2.1.2' ],
421 silly audit   'dom-helpers': [ '5.2.1' ]
421 silly audit }
422 http cache is-arrayish@https://registry.npmjs.org/is-arrayish/-/is-arrayish-0.2.1.tgz 0ms (cache hit)
423 http cache lines-and-columns@https://registry.npmjs.org/lines-and-columns/-/lines-and-columns-1.2.4.tgz 0ms (cache hit)
424 http cache dom-helpers@https://registry.npmjs.org/dom-helpers/-/dom-helpers-5.2.1.tgz 0ms (cache hit)
425 http cache file-selector@https://registry.npmjs.org/file-selector/-/file-selector-2.1.2.tgz 0ms (cache hit)
426 http cache json-parse-even-better-errors@https://registry.npmjs.org/json-parse-even-better-errors/-/json-parse-even-better-errors-2.3.1.tgz 0ms (cache hit)
427 http cache error-ex@https://registry.npmjs.org/error-ex/-/error-ex-1.3.4.tgz 0ms (cache hit)
428 http cache attr-accept@https://registry.npmjs.org/attr-accept/-/attr-accept-2.2.5.tgz 0ms (cache hit)
429 http cache mime-db@https://registry.npmjs.org/mime-db/-/mime-db-1.52.0.tgz 0ms (cache hit)
430 http cache motion-dom@https://registry.npmjs.org/motion-dom/-/motion-dom-12.36.0.tgz 0ms (cache hit)
431 http cache motion-utils@https://registry.npmjs.org/motion-utils/-/motion-utils-12.36.0.tgz 0ms (cache hit)
432 http cache delayed-stream@https://registry.npmjs.org/delayed-stream/-/delayed-stream-1.0.0.tgz 0ms (cache hit)
433 http cache mime-types@https://registry.npmjs.org/mime-types/-/mime-types-2.1.35.tgz 1ms (cache hit)
434 http cache asynckit@https://registry.npmjs.org/asynckit/-/asynckit-0.4.0.tgz 0ms (cache hit)
435 http cache combined-stream@https://registry.npmjs.org/combined-stream/-/combined-stream-1.0.8.tgz 0ms (cache hit)
436 http cache @types/parse-json@https://registry.npmjs.org/@types/parse-json/-/parse-json-4.0.2.tgz 0ms (cache hit)
437 http cache path-type@https://registry.npmjs.org/path-type/-/path-type-4.0.0.tgz 0ms (cache hit)
438 http cache yaml@https://registry.npmjs.org/yaml/-/yaml-1.10.2.tgz 0ms (cache hit)
439 http cache parse-json@https://registry.npmjs.org/parse-json/-/parse-json-5.2.0.tgz 0ms (cache hit)
440 http cache cosmiconfig@https://registry.npmjs.org/cosmiconfig/-/cosmiconfig-7.1.0.tgz 0ms (cache hit)
441 http cache proxy-from-env@https://registry.npmjs.org/proxy-from-env/-/proxy-from-env-1.1.0.tgz 0ms (cache hit)
442 http cache @tanstack/query-core@https://registry.npmjs.org/@tanstack/query-core/-/query-core-5.90.20.tgz 0ms (cache hit)
443 http cache @types/prop-types@https://registry.npmjs.org/@types/prop-types/-/prop-types-15.7.15.tgz 0ms (cache hit)
444 http cache form-data@https://registry.npmjs.org/form-data/-/form-data-4.0.5.tgz 0ms (cache hit)
445 http cache follow-redirects@https://registry.npmjs.org/follow-redirects/-/follow-redirects-1.15.11.tgz 0ms (cache hit)
446 http cache react-transition-group@https://registry.npmjs.org/react-transition-group/-/react-transition-group-4.4.5.tgz 0ms (cache hit)
447 http cache @types/react-transition-group@https://registry.npmjs.org/@types/react-transition-group/-/react-transition-group-4.4.12.tgz 0ms (cache hit)
448 http cache @popperjs/core@https://registry.npmjs.org/@popperjs/core/-/core-2.11.8.tgz 0ms (cache hit)
449 http cache @mui/styled-engine@https://registry.npmjs.org/@mui/styled-engine/-/styled-engine-7.3.9.tgz 0ms (cache hit)
450 http cache @mui/private-theming@https://registry.npmjs.org/@mui/private-theming/-/private-theming-7.3.9.tgz 1ms (cache hit)
451 http cache @mui/utils@https://registry.npmjs.org/@mui/utils/-/utils-7.3.9.tgz 0ms (cache hit)
452 http cache @mui/types@https://registry.npmjs.org/@mui/types/-/types-7.4.12.tgz 0ms (cache hit)
453 http cache @standard-schema/utils@https://registry.npmjs.org/@standard-schema/utils/-/utils-0.3.0.tgz 0ms (cache hit)
454 http cache @emotion/is-prop-valid@https://registry.npmjs.org/@emotion/is-prop-valid/-/is-prop-valid-1.4.0.tgz 0ms (cache hit)
455 http cache @mui/system@https://registry.npmjs.org/@mui/system/-/system-7.3.9.tgz 0ms (cache hit)
456 http cache @mui/core-downloads-tracker@https://registry.npmjs.org/@mui/core-downloads-tracker/-/core-downloads-tracker-7.3.9.tgz 0ms (cache hit)
457 http cache stylis@https://registry.npmjs.org/stylis/-/stylis-4.2.0.tgz 0ms (cache hit)
458 http cache @emotion/sheet@https://registry.npmjs.org/@emotion/sheet/-/sheet-1.4.0.tgz 0ms (cache hit)
459 http cache source-map@https://registry.npmjs.org/source-map/-/source-map-0.5.7.tgz 0ms (cache hit)
460 http cache @emotion/unitless@https://registry.npmjs.org/@emotion/unitless/-/unitless-0.10.0.tgz 0ms (cache hit)
461 http cache @emotion/hash@https://registry.npmjs.org/@emotion/hash/-/hash-0.9.2.tgz 0ms (cache hit)
462 http cache find-root@https://registry.npmjs.org/find-root/-/find-root-1.1.0.tgz 0ms (cache hit)
463 http cache babel-plugin-macros@https://registry.npmjs.org/babel-plugin-macros/-/babel-plugin-macros-3.1.0.tgz 0ms (cache hit)
464 http cache @emotion/memoize@https://registry.npmjs.org/@emotion/memoize/-/memoize-0.9.0.tgz 0ms (cache hit)
465 http cache hoist-non-react-statics@https://registry.npmjs.org/hoist-non-react-statics/-/hoist-non-react-statics-3.3.2.tgz 0ms (cache hit)
466 http cache @emotion/weak-memoize@https://registry.npmjs.org/@emotion/weak-memoize/-/weak-memoize-0.4.0.tgz 0ms (cache hit)
467 http cache @emotion/serialize@https://registry.npmjs.org/@emotion/serialize/-/serialize-1.3.3.tgz 0ms (cache hit)
468 http cache @emotion/use-insertion-effect-with-fallbacks@https://registry.npmjs.org/@emotion/use-insertion-effect-with-fallbacks/-/use-insertion-effect-with-fallbacks-1.2.0.tgz 0ms (cache hit)
469 http cache @emotion/utils@https://registry.npmjs.org/@emotion/utils/-/utils-1.4.2.tgz 0ms (cache hit)
470 http cache @emotion/cache@https://registry.npmjs.org/@emotion/cache/-/cache-11.14.0.tgz 0ms (cache hit)
471 http cache @babel/runtime@https://registry.npmjs.org/@babel/runtime/-/runtime-7.28.6.tgz 0ms (cache hit)
472 http cache @emotion/babel-plugin@https://registry.npmjs.org/@emotion/babel-plugin/-/babel-plugin-11.13.5.tgz 0ms (cache hit)
473 http cache zustand@https://registry.npmjs.org/zustand/-/zustand-5.0.11.tgz 0ms (cache hit)
474 http cache react-hook-form@https://registry.npmjs.org/react-hook-form/-/react-hook-form-7.71.2.tgz 0ms (cache hit)
475 http cache react-dropzone@https://registry.npmjs.org/react-dropzone/-/react-dropzone-15.0.0.tgz 0ms (cache hit)
476 http cache lucide-react@https://registry.npmjs.org/lucide-react/-/lucide-react-0.577.0.tgz 0ms (cache hit)
477 http cache framer-motion@https://registry.npmjs.org/framer-motion/-/framer-motion-12.36.0.tgz 0ms (cache hit)
478 http cache date-fns@https://registry.npmjs.org/date-fns/-/date-fns-4.1.0.tgz 0ms (cache hit)
479 http cache clsx@https://registry.npmjs.org/clsx/-/clsx-2.1.1.tgz 0ms (cache hit)
480 http cache axios@https://registry.npmjs.org/axios/-/axios-1.13.6.tgz 1ms (cache hit)
481 http cache @tanstack/react-query@https://registry.npmjs.org/@tanstack/react-query/-/react-query-5.90.21.tgz 0ms (cache hit)
482 http cache @mui/material@https://registry.npmjs.org/@mui/material/-/material-7.3.9.tgz 0ms (cache hit)
483 http cache @hookform/resolvers@https://registry.npmjs.org/@hookform/resolvers/-/resolvers-5.2.2.tgz 0ms (cache hit)
484 http cache @emotion/styled@https://registry.npmjs.org/@emotion/styled/-/styled-11.14.1.tgz 0ms (cache hit)
485 http cache @emotion/react@https://registry.npmjs.org/@emotion/react/-/react-11.14.0.tgz 0ms (cache hit)
486 http cache react-is@https://registry.npmjs.org/react-is/-/react-is-19.2.4.tgz 0ms (cache hit)
487 http cache react-is@https://registry.npmjs.org/react-is/-/react-is-19.2.4.tgz 0ms (cache hit)
488 http cache convert-source-map@https://registry.npmjs.org/convert-source-map/-/convert-source-map-1.9.0.tgz 0ms (cache hit)
489 silly tarball no local data for is-arrayish@https://registry.npmjs.org/is-arrayish/-/is-arrayish-0.2.1.tgz. Extracting by manifest.
490 silly tarball no local data for lines-and-columns@https://registry.npmjs.org/lines-and-columns/-/lines-and-columns-1.2.4.tgz. Extracting by manifest.
491 silly tarball no local data for dom-helpers@https://registry.npmjs.org/dom-helpers/-/dom-helpers-5.2.1.tgz. Extracting by manifest.
492 silly tarball no local data for file-selector@https://registry.npmjs.org/file-selector/-/file-selector-2.1.2.tgz. Extracting by manifest.
493 silly tarball no local data for json-parse-even-better-errors@https://registry.npmjs.org/json-parse-even-better-errors/-/json-parse-even-better-errors-2.3.1.tgz. Extracting by manifest.
494 silly tarball no local data for error-ex@https://registry.npmjs.org/error-ex/-/error-ex-1.3.4.tgz. Extracting by manifest.
495 silly tarball no local data for attr-accept@https://registry.npmjs.org/attr-accept/-/attr-accept-2.2.5.tgz. Extracting by manifest.
496 silly tarball no local data for mime-db@https://registry.npmjs.org/mime-db/-/mime-db-1.52.0.tgz. Extracting by manifest.
497 silly tarball no local data for motion-dom@https://registry.npmjs.org/motion-dom/-/motion-dom-12.36.0.tgz. Extracting by manifest.
498 silly tarball no local data for motion-utils@https://registry.npmjs.org/motion-utils/-/motion-utils-12.36.0.tgz. Extracting by manifest.
499 silly tarball no local data for delayed-stream@https://registry.npmjs.org/delayed-stream/-/delayed-stream-1.0.0.tgz. Extracting by manifest.
500 silly tarball no local data for mime-types@https://registry.npmjs.org/mime-types/-/mime-types-2.1.35.tgz. Extracting by manifest.
501 silly tarball no local data for asynckit@https://registry.npmjs.org/asynckit/-/asynckit-0.4.0.tgz. Extracting by manifest.
502 silly tarball no local data for combined-stream@https://registry.npmjs.org/combined-stream/-/combined-stream-1.0.8.tgz. Extracting by manifest.
503 silly tarball no local data for @types/parse-json@https://registry.npmjs.org/@types/parse-json/-/parse-json-4.0.2.tgz. Extracting by manifest.
504 silly tarball no local data for path-type@https://registry.npmjs.org/path-type/-/path-type-4.0.0.tgz. Extracting by manifest.
505 silly tarball no local data for yaml@https://registry.npmjs.org/yaml/-/yaml-1.10.2.tgz. Extracting by manifest.
506 silly tarball no local data for parse-json@https://registry.npmjs.org/parse-json/-/parse-json-5.2.0.tgz. Extracting by manifest.
507 silly tarball no local data for cosmiconfig@https://registry.npmjs.org/cosmiconfig/-/cosmiconfig-7.1.0.tgz. Extracting by manifest.
508 silly tarball no local data for proxy-from-env@https://registry.npmjs.org/proxy-from-env/-/proxy-from-env-1.1.0.tgz. Extracting by manifest.
509 silly tarball no local data for @tanstack/query-core@https://registry.npmjs.org/@tanstack/query-core/-/query-core-5.90.20.tgz. Extracting by manifest.
510 silly tarball no local data for @types/prop-types@https://registry.npmjs.org/@types/prop-types/-/prop-types-15.7.15.tgz. Extracting by manifest.
511 silly tarball no local data for form-data@https://registry.npmjs.org/form-data/-/form-data-4.0.5.tgz. Extracting by manifest.
512 silly tarball no local data for follow-redirects@https://registry.npmjs.org/follow-redirects/-/follow-redirects-1.15.11.tgz. Extracting by manifest.
513 silly tarball no local data for react-transition-group@https://registry.npmjs.org/react-transition-group/-/react-transition-group-4.4.5.tgz. Extracting by manifest.
514 silly tarball no local data for @types/react-transition-group@https://registry.npmjs.org/@types/react-transition-group/-/react-transition-group-4.4.12.tgz. Extracting by manifest.
515 silly tarball no local data for @popperjs/core@https://registry.npmjs.org/@popperjs/core/-/core-2.11.8.tgz. Extracting by manifest.
516 silly tarball no local data for @mui/styled-engine@https://registry.npmjs.org/@mui/styled-engine/-/styled-engine-7.3.9.tgz. Extracting by manifest.
517 silly tarball no local data for @mui/private-theming@https://registry.npmjs.org/@mui/private-theming/-/private-theming-7.3.9.tgz. Extracting by manifest.
518 silly tarball no local data for @mui/utils@https://registry.npmjs.org/@mui/utils/-/utils-7.3.9.tgz. Extracting by manifest.
519 silly tarball no local data for @mui/types@https://registry.npmjs.org/@mui/types/-/types-7.4.12.tgz. Extracting by manifest.
520 silly tarball no local data for @standard-schema/utils@https://registry.npmjs.org/@standard-schema/utils/-/utils-0.3.0.tgz. Extracting by manifest.
521 silly tarball no local data for @emotion/is-prop-valid@https://registry.npmjs.org/@emotion/is-prop-valid/-/is-prop-valid-1.4.0.tgz. Extracting by manifest.
522 silly tarball no local data for @mui/system@https://registry.npmjs.org/@mui/system/-/system-7.3.9.tgz. Extracting by manifest.
523 silly tarball no local data for @mui/core-downloads-tracker@https://registry.npmjs.org/@mui/core-downloads-tracker/-/core-downloads-tracker-7.3.9.tgz. Extracting by manifest.
524 silly tarball no local data for stylis@https://registry.npmjs.org/stylis/-/stylis-4.2.0.tgz. Extracting by manifest.
525 silly tarball no local data for @emotion/sheet@https://registry.npmjs.org/@emotion/sheet/-/sheet-1.4.0.tgz. Extracting by manifest.
526 silly tarball no local data for source-map@https://registry.npmjs.org/source-map/-/source-map-0.5.7.tgz. Extracting by manifest.
527 silly tarball no local data for @emotion/unitless@https://registry.npmjs.org/@emotion/unitless/-/unitless-0.10.0.tgz. Extracting by manifest.
528 silly tarball no local data for @emotion/hash@https://registry.npmjs.org/@emotion/hash/-/hash-0.9.2.tgz. Extracting by manifest.
529 silly tarball no local data for find-root@https://registry.npmjs.org/find-root/-/find-root-1.1.0.tgz. Extracting by manifest.
530 silly tarball no local data for babel-plugin-macros@https://registry.npmjs.org/babel-plugin-macros/-/babel-plugin-macros-3.1.0.tgz. Extracting by manifest.
531 silly tarball no local data for @emotion/memoize@https://registry.npmjs.org/@emotion/memoize/-/memoize-0.9.0.tgz. Extracting by manifest.
532 silly tarball no local data for hoist-non-react-statics@https://registry.npmjs.org/hoist-non-react-statics/-/hoist-non-react-statics-3.3.2.tgz. Extracting by manifest.
533 silly tarball no local data for @emotion/weak-memoize@https://registry.npmjs.org/@emotion/weak-memoize/-/weak-memoize-0.4.0.tgz. Extracting by manifest.
534 silly tarball no local data for @emotion/serialize@https://registry.npmjs.org/@emotion/serialize/-/serialize-1.3.3.tgz. Extracting by manifest.
535 silly tarball no local data for @emotion/use-insertion-effect-with-fallbacks@https://registry.npmjs.org/@emotion/use-insertion-effect-with-fallbacks/-/use-insertion-effect-with-fallbacks-1.2.0.tgz. Extracting by manifest.
536 silly tarball no local data for @emotion/utils@https://registry.npmjs.org/@emotion/utils/-/utils-1.4.2.tgz. Extracting by manifest.
537 silly tarball no local data for @emotion/cache@https://registry.npmjs.org/@emotion/cache/-/cache-11.14.0.tgz. Extracting by manifest.
538 silly tarball no local data for @babel/runtime@https://registry.npmjs.org/@babel/runtime/-/runtime-7.28.6.tgz. Extracting by manifest.
539 silly tarball no local data for @emotion/babel-plugin@https://registry.npmjs.org/@emotion/babel-plugin/-/babel-plugin-11.13.5.tgz. Extracting by manifest.
540 silly tarball no local data for zustand@https://registry.npmjs.org/zustand/-/zustand-5.0.11.tgz. Extracting by manifest.
541 silly tarball no local data for react-hook-form@https://registry.npmjs.org/react-hook-form/-/react-hook-form-7.71.2.tgz. Extracting by manifest.
542 silly tarball no local data for react-dropzone@https://registry.npmjs.org/react-dropzone/-/react-dropzone-15.0.0.tgz. Extracting by manifest.
543 silly tarball no local data for lucide-react@https://registry.npmjs.org/lucide-react/-/lucide-react-0.577.0.tgz. Extracting by manifest.
544 silly tarball no local data for framer-motion@https://registry.npmjs.org/framer-motion/-/framer-motion-12.36.0.tgz. Extracting by manifest.
545 silly tarball no local data for date-fns@https://registry.npmjs.org/date-fns/-/date-fns-4.1.0.tgz. Extracting by manifest.
546 silly tarball no local data for clsx@https://registry.npmjs.org/clsx/-/clsx-2.1.1.tgz. Extracting by manifest.
547 silly tarball no local data for axios@https://registry.npmjs.org/axios/-/axios-1.13.6.tgz. Extracting by manifest.
548 silly tarball no local data for @tanstack/react-query@https://registry.npmjs.org/@tanstack/react-query/-/react-query-5.90.21.tgz. Extracting by manifest.
549 silly tarball no local data for @mui/material@https://registry.npmjs.org/@mui/material/-/material-7.3.9.tgz. Extracting by manifest.
550 silly tarball no local data for @hookform/resolvers@https://registry.npmjs.org/@hookform/resolvers/-/resolvers-5.2.2.tgz. Extracting by manifest.
551 silly tarball no local data for @emotion/styled@https://registry.npmjs.org/@emotion/styled/-/styled-11.14.1.tgz. Extracting by manifest.
552 silly tarball no local data for @emotion/react@https://registry.npmjs.org/@emotion/react/-/react-11.14.0.tgz. Extracting by manifest.
553 silly tarball no local data for react-is@https://registry.npmjs.org/react-is/-/react-is-19.2.4.tgz. Extracting by manifest.
554 silly tarball no local data for react-is@https://registry.npmjs.org/react-is/-/react-is-19.2.4.tgz. Extracting by manifest.
555 silly tarball no local data for convert-source-map@https://registry.npmjs.org/convert-source-map/-/convert-source-map-1.9.0.tgz. Extracting by manifest.
556 http fetch POST 200 https://registry.npmjs.org/-/npm/v1/security/advisories/bulk 820ms
557 silly audit report {}
558 http fetch GET 200 https://registry.npmjs.org/lines-and-columns/-/lines-and-columns-1.2.4.tgz 559ms (cache miss)
559 http fetch GET 200 https://registry.npmjs.org/is-arrayish/-/is-arrayish-0.2.1.tgz 568ms (cache miss)
560 http fetch GET 200 https://registry.npmjs.org/@types/parse-json/-/parse-json-4.0.2.tgz 623ms (cache miss)
561 http fetch GET 200 https://registry.npmjs.org/path-type/-/path-type-4.0.0.tgz 699ms (cache miss)
562 http fetch GET 200 https://registry.npmjs.org/parse-json/-/parse-json-5.2.0.tgz 843ms (cache miss)
563 http fetch GET 200 https://registry.npmjs.org/proxy-from-env/-/proxy-from-env-1.1.0.tgz 1532ms (cache miss)
564 http fetch GET 200 https://registry.npmjs.org/json-parse-even-better-errors/-/json-parse-even-better-errors-2.3.1.tgz 1634ms (cache miss)
565 http fetch GET 200 https://registry.npmjs.org/error-ex/-/error-ex-1.3.4.tgz 1717ms (cache miss)
566 http fetch GET 200 https://registry.npmjs.org/combined-stream/-/combined-stream-1.0.8.tgz 1710ms (cache miss)
567 http fetch GET 200 https://registry.npmjs.org/mime-types/-/mime-types-2.1.35.tgz 1726ms (cache miss)
568 http fetch GET 200 https://registry.npmjs.org/attr-accept/-/attr-accept-2.2.5.tgz 1765ms (cache miss)
569 http fetch GET 200 https://registry.npmjs.org/asynckit/-/asynckit-0.4.0.tgz 2078ms (cache miss)
570 http fetch GET 200 https://registry.npmjs.org/@types/prop-types/-/prop-types-15.7.15.tgz 2669ms (cache miss)
571 http fetch GET 200 https://registry.npmjs.org/@types/react-transition-group/-/react-transition-group-4.4.12.tgz 4086ms (cache miss)
572 http fetch GET 200 https://registry.npmjs.org/delayed-stream/-/delayed-stream-1.0.0.tgz 4283ms (cache miss)
573 http fetch GET 200 https://registry.npmjs.org/follow-redirects/-/follow-redirects-1.15.11.tgz 4272ms (cache miss)
574 http fetch GET 200 https://registry.npmjs.org/@emotion/hash/-/hash-0.9.2.tgz 4597ms (cache miss)
575 http fetch GET 200 https://registry.npmjs.org/@standard-schema/utils/-/utils-0.3.0.tgz 4649ms (cache miss)
576 http fetch GET 200 https://registry.npmjs.org/mime-db/-/mime-db-1.52.0.tgz 4735ms (cache miss)
577 http fetch GET 200 https://registry.npmjs.org/@mui/core-downloads-tracker/-/core-downloads-tracker-7.3.9.tgz 4786ms (cache miss)
578 http fetch GET 200 https://registry.npmjs.org/form-data/-/form-data-4.0.5.tgz 4925ms (cache miss)
579 http fetch GET 200 https://registry.npmjs.org/@emotion/memoize/-/memoize-0.9.0.tgz 5559ms (cache miss)
580 http fetch GET 200 https://registry.npmjs.org/@emotion/weak-memoize/-/weak-memoize-0.4.0.tgz 5563ms (cache miss)
581 http fetch GET 200 https://registry.npmjs.org/babel-plugin-macros/-/babel-plugin-macros-3.1.0.tgz 6160ms (cache miss)
582 http fetch GET 200 https://registry.npmjs.org/find-root/-/find-root-1.1.0.tgz 6265ms (cache miss)
583 http fetch GET 200 https://registry.npmjs.org/hoist-non-react-statics/-/hoist-non-react-statics-3.3.2.tgz 7935ms (cache miss)
584 http fetch GET 200 https://registry.npmjs.org/@emotion/is-prop-valid/-/is-prop-valid-1.4.0.tgz 8786ms (cache miss)
585 http fetch GET 200 https://registry.npmjs.org/clsx/-/clsx-2.1.1.tgz 8729ms (cache miss)
586 http fetch GET 200 https://registry.npmjs.org/@emotion/unitless/-/unitless-0.10.0.tgz 8801ms (cache miss)
587 http fetch GET 200 https://registry.npmjs.org/react-is/-/react-is-19.2.4.tgz 8835ms (cache miss)
588 http fetch GET 200 https://registry.npmjs.org/convert-source-map/-/convert-source-map-1.9.0.tgz 8833ms (cache miss)
589 http fetch GET 200 https://registry.npmjs.org/react-is/-/react-is-19.2.4.tgz 8873ms (cache miss)
590 http fetch GET 200 https://registry.npmjs.org/@mui/types/-/types-7.4.12.tgz 9018ms (cache miss)
591 http fetch GET 200 https://registry.npmjs.org/@emotion/sheet/-/sheet-1.4.0.tgz 9494ms (cache miss)
592 http fetch GET 200 https://registry.npmjs.org/cosmiconfig/-/cosmiconfig-7.1.0.tgz 10103ms (cache miss)
593 http fetch GET 200 https://registry.npmjs.org/@emotion/serialize/-/serialize-1.3.3.tgz 10276ms (cache miss)
594 http fetch GET 200 https://registry.npmjs.org/stylis/-/stylis-4.2.0.tgz 10384ms (cache miss)
595 http fetch GET 200 https://registry.npmjs.org/@mui/styled-engine/-/styled-engine-7.3.9.tgz 12668ms (cache miss)
596 http fetch GET 200 https://registry.npmjs.org/@emotion/use-insertion-effect-with-fallbacks/-/use-insertion-effect-with-fallbacks-1.2.0.tgz 12639ms (cache miss)
597 http fetch GET 200 https://registry.npmjs.org/@emotion/utils/-/utils-1.4.2.tgz 12722ms (cache miss)
598 http fetch GET 200 https://registry.npmjs.org/source-map/-/source-map-0.5.7.tgz 13688ms (cache miss)
599 http fetch GET 200 https://registry.npmjs.org/@mui/private-theming/-/private-theming-7.3.9.tgz 16149ms (cache miss)
600 http fetch GET 200 https://registry.npmjs.org/file-selector/-/file-selector-2.1.2.tgz 16353ms (cache miss)
601 http fetch GET 200 https://registry.npmjs.org/@emotion/babel-plugin/-/babel-plugin-11.13.5.tgz 16683ms (cache miss)
602 http fetch GET 200 https://registry.npmjs.org/yaml/-/yaml-1.10.2.tgz 17667ms (cache miss)
603 http fetch GET 200 https://registry.npmjs.org/react-transition-group/-/react-transition-group-4.4.5.tgz 18187ms (cache miss)
604 http fetch GET 200 https://registry.npmjs.org/@emotion/cache/-/cache-11.14.0.tgz 19936ms (cache miss)
605 http fetch GET 200 https://registry.npmjs.org/zustand/-/zustand-5.0.11.tgz 20181ms (cache miss)
606 http fetch GET 200 https://registry.npmjs.org/react-dropzone/-/react-dropzone-15.0.0.tgz 23323ms (cache miss)
607 http fetch GET 200 https://registry.npmjs.org/motion-utils/-/motion-utils-12.36.0.tgz 25403ms (cache miss)
608 http fetch GET 200 https://registry.npmjs.org/@emotion/styled/-/styled-11.14.1.tgz 27534ms (cache miss)
609 http fetch GET 200 https://registry.npmjs.org/axios/-/axios-1.13.6.tgz 32646ms (cache miss)
610 http fetch GET 200 https://registry.npmjs.org/@emotion/react/-/react-11.14.0.tgz 40081ms (cache miss)
611 http fetch GET 200 https://registry.npmjs.org/dom-helpers/-/dom-helpers-5.2.1.tgz 62154ms (cache miss)
612 http fetch GET 200 https://registry.npmjs.org/@babel/runtime/-/runtime-7.28.6.tgz 63227ms (cache miss)
613 http fetch GET 200 https://registry.npmjs.org/@popperjs/core/-/core-2.11.8.tgz 74341ms (cache miss)
614 http fetch GET 200 https://registry.npmjs.org/@tanstack/query-core/-/query-core-5.90.20.tgz 75595ms (cache miss)
615 http fetch GET 200 https://registry.npmjs.org/@tanstack/react-query/-/react-query-5.90.21.tgz 76967ms (cache miss)
616 http fetch GET 200 https://registry.npmjs.org/@mui/utils/-/utils-7.3.9.tgz 78532ms (cache miss)
617 http fetch GET 200 https://registry.npmjs.org/@mui/system/-/system-7.3.9.tgz 79593ms (cache miss)
618 http fetch GET 200 https://registry.npmjs.org/@hookform/resolvers/-/resolvers-5.2.2.tgz 80267ms (cache miss)
619 http fetch GET 200 https://registry.npmjs.org/react-hook-form/-/react-hook-form-7.71.2.tgz 82310ms (cache miss)
620 http fetch GET 200 https://registry.npmjs.org/framer-motion/-/framer-motion-12.36.0.tgz 88085ms (cache miss)
621 http fetch GET 200 https://registry.npmjs.org/motion-dom/-/motion-dom-12.36.0.tgz 92046ms (cache miss)
622 http fetch GET 200 https://registry.npmjs.org/@mui/material/-/material-7.3.9.tgz 142561ms (cache miss)
623 http fetch GET 200 https://registry.npmjs.org/date-fns/-/date-fns-4.1.0.tgz 228073ms (cache miss)
624 http fetch GET 200 https://registry.npmjs.org/lucide-react/-/lucide-react-0.577.0.tgz 228885ms (cache miss)
625 silly ADD node_modules/dom-helpers
626 silly ADD node_modules/file-selector
627 silly ADD node_modules/attr-accept
628 silly ADD node_modules/is-arrayish
629 silly ADD node_modules/lines-and-columns
630 silly ADD node_modules/json-parse-even-better-errors
631 silly ADD node_modules/error-ex
632 silly ADD node_modules/mime-db
633 silly ADD node_modules/motion-utils
634 silly ADD node_modules/motion-dom
635 silly ADD node_modules/delayed-stream
636 silly ADD node_modules/mime-types
637 silly ADD node_modules/combined-stream
638 silly ADD node_modules/asynckit
639 silly ADD node_modules/yaml
640 silly ADD node_modules/path-type
641 silly ADD node_modules/parse-json
642 silly ADD node_modules/@types/parse-json
643 silly ADD node_modules/cosmiconfig
644 silly ADD node_modules/proxy-from-env
645 silly ADD node_modules/form-data
646 silly ADD node_modules/follow-redirects
647 silly ADD node_modules/@tanstack/query-core
648 silly ADD node_modules/@types/prop-types
649 silly ADD node_modules/@mui/styled-engine
650 silly ADD node_modules/@mui/private-theming
651 silly ADD node_modules/react-transition-group
652 silly ADD node_modules/@types/react-transition-group
653 silly ADD node_modules/@popperjs/core
654 silly ADD node_modules/@mui/utils
655 silly ADD node_modules/@mui/utils/node_modules/react-is
656 silly ADD node_modules/@mui/types
657 silly ADD node_modules/@mui/system
658 silly ADD node_modules/@mui/core-downloads-tracker
659 silly ADD node_modules/@standard-schema/utils
660 silly ADD node_modules/@emotion/is-prop-valid
661 silly ADD node_modules/@emotion/unitless
662 silly ADD node_modules/@emotion/sheet
663 silly ADD node_modules/stylis
664 silly ADD node_modules/source-map
665 silly ADD node_modules/find-root
666 silly ADD node_modules/babel-plugin-macros
667 silly ADD node_modules/@emotion/memoize
668 silly ADD node_modules/@emotion/hash
669 silly ADD node_modules/hoist-non-react-statics
670 silly ADD node_modules/@emotion/weak-memoize
671 silly ADD node_modules/@emotion/utils
672 silly ADD node_modules/@emotion/use-insertion-effect-with-fallbacks
673 silly ADD node_modules/@emotion/serialize
674 silly ADD node_modules/@emotion/cache
675 silly ADD node_modules/@emotion/babel-plugin
676 silly ADD node_modules/@emotion/babel-plugin/node_modules/convert-source-map
677 silly ADD node_modules/@babel/runtime
678 silly ADD node_modules/zustand
679 silly ADD node_modules/react-hook-form
680 silly ADD node_modules/react-dropzone
681 silly ADD node_modules/lucide-react
682 silly ADD node_modules/framer-motion
683 silly ADD node_modules/date-fns
684 silly ADD node_modules/clsx
685 silly ADD node_modules/axios
686 silly ADD node_modules/@tanstack/react-query
687 silly ADD node_modules/@mui/material
688 silly ADD node_modules/@mui/material/node_modules/react-is
689 silly ADD node_modules/@hookform/resolvers
690 silly ADD node_modules/@emotion/styled
691 silly ADD node_modules/@emotion/react
692 verbose cwd C:\Users\DELL\Desktop\Projects\web-app\fullstack-app\waris-azeez-portfolio
693 verbose os Windows_NT 10.0.21996
694 verbose node v24.11.1
695 verbose npm  v11.11.0
696 notice
696 notice New patch version of npm available! 11.11.0 -> 11.11.1
696 notice Changelog: https://github.com/npm/cli/releases/tag/v11.11.1
696 notice To update run: npm install -g npm@11.11.1
696 notice  { force: true, Symbol(proc-log.meta): true }
697 verbose exit 0
698 info ok
