0 verbose cli C:\Program Files\nodejs\node.exe C:\Users\DELL\AppData\Roaming\npm\node_modules\npm\bin\npm-cli.js
1 info using npm@11.11.0
2 info using node@v24.11.1
3 silly config load:file:C:\Users\DELL\AppData\Roaming\npm\node_modules\npm\npmrc
4 silly config load:file:C:\Users\DELL\Desktop\Projects\web-app\fullstack-app\waris-azeez-portfolio\.npmrc
5 silly config load:file:C:\Users\DELL\.npmrc
6 silly config load:file:C:\Users\DELL\AppData\Roaming\npm\etc\npmrc
7 verbose title npm i mongoose
8 verbose argv "i" "mongoose" "--cache" ".\\.npm-cache" "--no-audit" "--no-fund"
9 verbose logfile logs-max:10 dir:C:\Users\DELL\Desktop\Projects\web-app\fullstack-app\waris-azeez-portfolio\.npm-cache\_logs\2026-03-29T08_41_13_068Z-
10 verbose logfile C:\Users\DELL\Desktop\Projects\web-app\fullstack-app\waris-azeez-portfolio\.npm-cache\_logs\2026-03-29T08_41_13_068Z-debug-0.log
11 silly logfile done cleaning log files
12 silly packumentCache heap:2348810240 maxSize:587202560 maxEntrySize:293601280
13 silly idealTree buildDeps
14 silly fetch manifest mongoose@*
15 silly packumentCache full:https://registry.npmjs.org/mongoose cache-miss
16 http fetch GET 200 https://registry.npmjs.org/npm 2735ms
17 http fetch GET 200 https://registry.npmjs.org/mongoose 1951ms (cache miss)
18 silly packumentCache full:https://registry.npmjs.org/mongoose set size:undefined disposed:false
19 silly placeDep ROOT mongoose@9.3.3 OK for: waris-azeez-portfolio@0.1.0 want: *
20 silly fetch manifest kareem@3.2.0
21 silly packumentCache full:https://registry.npmjs.org/kareem cache-miss
22 silly fetch manifest mongodb@~7.1
23 silly packumentCache full:https://registry.npmjs.org/mongodb cache-miss
24 silly fetch manifest mpath@0.9.0
25 silly packumentCache full:https://registry.npmjs.org/mpath cache-miss
26 http fetch GET 200 https://registry.npmjs.org/kareem 485ms (cache miss)
27 silly packumentCache full:https://registry.npmjs.org/kareem set size:undefined disposed:false
28 silly fetch manifest mquery@6.0.0
29 silly packumentCache full:https://registry.npmjs.org/mquery cache-miss
30 http fetch GET 200 https://registry.npmjs.org/mongodb 495ms (cache miss)
31 silly packumentCache full:https://registry.npmjs.org/mongodb set size:undefined disposed:false
32 silly fetch manifest sift@17.1.3
33 silly packumentCache full:https://registry.npmjs.org/sift cache-miss
34 http fetch GET 200 https://registry.npmjs.org/mquery 485ms (cache miss)
35 silly packumentCache full:https://registry.npmjs.org/mquery set size:undefined disposed:false
36 http fetch GET 200 https://registry.npmjs.org/sift 368ms (cache miss)
37 silly packumentCache full:https://registry.npmjs.org/sift set size:undefined disposed:false
38 http fetch GET 200 https://registry.npmjs.org/mpath 1284ms (cache miss)
39 silly packumentCache full:https://registry.npmjs.org/mpath set size:undefined disposed:false
40 silly fetch manifest @aws-sdk/credential-providers@^3.806.0
41 silly packumentCache full:https://registry.npmjs.org/@aws-sdk%2fcredential-providers cache-miss
42 http fetch GET 200 https://registry.npmjs.org/@aws-sdk%2fcredential-providers 633ms (cache miss)
43 silly packumentCache full:https://registry.npmjs.org/@aws-sdk%2fcredential-providers set size:undefined disposed:false
44 silly fetch manifest @mongodb-js/zstd@^7.0.0
45 silly packumentCache full:https://registry.npmjs.org/@mongodb-js%2fzstd cache-miss
46 http fetch GET 200 https://registry.npmjs.org/@mongodb-js%2fzstd 496ms (cache miss)
47 silly packumentCache full:https://registry.npmjs.org/@mongodb-js%2fzstd set size:undefined disposed:false
48 silly fetch manifest gcp-metadata@^7.0.1
49 silly packumentCache full:https://registry.npmjs.org/gcp-metadata cache-miss
50 http fetch GET 200 https://registry.npmjs.org/gcp-metadata 692ms (cache miss)
51 silly packumentCache full:https://registry.npmjs.org/gcp-metadata set size:undefined disposed:false
52 silly fetch manifest kerberos@^7.0.0
53 silly packumentCache full:https://registry.npmjs.org/kerberos cache-miss
54 http fetch GET 200 https://registry.npmjs.org/kerberos 585ms (cache miss)
55 silly packumentCache full:https://registry.npmjs.org/kerberos set size:undefined disposed:false
56 silly fetch manifest mongodb-client-encryption@>=7.0.0 <7.1.0
57 silly packumentCache full:https://registry.npmjs.org/mongodb-client-encryption cache-miss
58 http fetch GET 200 https://registry.npmjs.org/mongodb-client-encryption 399ms (cache miss)
59 silly packumentCache full:https://registry.npmjs.org/mongodb-client-encryption set size:undefined disposed:false
60 silly fetch manifest snappy@^7.3.2
61 silly packumentCache full:https://registry.npmjs.org/snappy cache-miss
62 http fetch GET 200 https://registry.npmjs.org/snappy 357ms (cache miss)
63 silly packumentCache full:https://registry.npmjs.org/snappy set size:undefined disposed:false
64 silly fetch manifest socks@^2.8.6
65 silly packumentCache full:https://registry.npmjs.org/socks cache-miss
66 http fetch GET 200 https://registry.npmjs.org/socks 457ms (cache miss)
67 silly packumentCache full:https://registry.npmjs.org/socks set size:undefined disposed:false
68 silly placeDep ROOT kareem@3.2.0 OK for: mongoose@9.3.3 want: 3.2.0
69 silly placeDep ROOT mongodb@7.1.1 OK for: mongoose@9.3.3 want: ~7.1
70 silly placeDep ROOT mpath@0.9.0 OK for: mongoose@9.3.3 want: 0.9.0
71 silly placeDep ROOT mquery@6.0.0 OK for: mongoose@9.3.3 want: 6.0.0
72 silly placeDep ROOT sift@17.1.3 OK for: mongoose@9.3.3 want: 17.1.3
73 silly fetch manifest bson@^7.1.1
74 silly packumentCache full:https://registry.npmjs.org/bson cache-miss
75 silly fetch manifest @mongodb-js/saslprep@^1.3.0
76 silly packumentCache full:https://registry.npmjs.org/@mongodb-js%2fsaslprep cache-miss
77 silly fetch manifest mongodb-connection-string-url@^7.0.0
78 silly packumentCache full:https://registry.npmjs.org/mongodb-connection-string-url cache-miss
79 http fetch GET 200 https://registry.npmjs.org/mongodb-connection-string-url 358ms (cache miss)
80 silly packumentCache full:https://registry.npmjs.org/mongodb-connection-string-url set size:undefined disposed:false
81 http fetch GET 200 https://registry.npmjs.org/bson 377ms (cache miss)
82 silly packumentCache full:https://registry.npmjs.org/bson set size:undefined disposed:false
83 http fetch GET 200 https://registry.npmjs.org/@mongodb-js%2fsaslprep 450ms (cache miss)
84 silly packumentCache full:https://registry.npmjs.org/@mongodb-js%2fsaslprep set size:undefined disposed:false
85 silly placeDep ROOT @mongodb-js/saslprep@1.4.6 OK for: mongodb@7.1.1 want: ^1.3.0
86 silly placeDep ROOT bson@7.2.0 OK for: mongodb@7.1.1 want: ^7.1.1
87 silly placeDep ROOT mongodb-connection-string-url@7.0.1 OK for: mongodb@7.1.1 want: ^7.0.0
88 silly fetch manifest sparse-bitfield@^3.0.3
89 silly packumentCache full:https://registry.npmjs.org/sparse-bitfield cache-miss
90 silly fetch manifest whatwg-url@^14.1.0
91 silly packumentCache full:https://registry.npmjs.org/whatwg-url cache-miss
92 silly fetch manifest @types/whatwg-url@^13.0.0
93 silly packumentCache full:https://registry.npmjs.org/@types%2fwhatwg-url cache-miss
94 http fetch GET 200 https://registry.npmjs.org/sparse-bitfield 331ms (cache miss)
95 silly packumentCache full:https://registry.npmjs.org/sparse-bitfield set size:undefined disposed:false
96 http fetch GET 200 https://registry.npmjs.org/@types%2fwhatwg-url 530ms (cache miss)
97 silly packumentCache full:https://registry.npmjs.org/@types%2fwhatwg-url set size:undefined disposed:false
98 http fetch GET 200 https://registry.npmjs.org/whatwg-url 536ms (cache miss)
99 silly packumentCache full:https://registry.npmjs.org/whatwg-url set size:undefined disposed:false
100 silly placeDep ROOT sparse-bitfield@3.0.3 OK for: @mongodb-js/saslprep@1.4.6 want: ^3.0.3
101 silly fetch manifest memory-pager@^1.0.2
102 silly packumentCache full:https://registry.npmjs.org/memory-pager cache-miss
103 http fetch GET 200 https://registry.npmjs.org/memory-pager 398ms (cache miss)
104 silly packumentCache full:https://registry.npmjs.org/memory-pager set size:undefined disposed:false
105 silly placeDep ROOT @types/whatwg-url@13.0.0 OK for: mongodb-connection-string-url@7.0.1 want: ^13.0.0
106 silly placeDep ROOT whatwg-url@14.2.0 OK for: mongodb-connection-string-url@7.0.1 want: ^14.1.0
107 silly fetch manifest @types/webidl-conversions@*
108 silly packumentCache full:https://registry.npmjs.org/@types%2fwebidl-conversions cache-miss
109 silly fetch manifest tr46@^5.1.0
110 silly packumentCache full:https://registry.npmjs.org/tr46 cache-miss
111 silly fetch manifest webidl-conversions@^7.0.0
112 silly packumentCache full:https://registry.npmjs.org/webidl-conversions cache-miss
113 http fetch GET 200 https://registry.npmjs.org/@types%2fwebidl-conversions 580ms (cache miss)
114 silly packumentCache full:https://registry.npmjs.org/@types%2fwebidl-conversions set size:undefined disposed:false
115 http fetch GET 200 https://registry.npmjs.org/tr46 589ms (cache miss)
116 silly packumentCache full:https://registry.npmjs.org/tr46 set size:undefined disposed:false
117 http fetch GET 200 https://registry.npmjs.org/webidl-conversions 604ms (cache miss)
118 silly packumentCache full:https://registry.npmjs.org/webidl-conversions set size:undefined disposed:false
119 silly placeDep ROOT @types/webidl-conversions@7.0.3 OK for: @types/whatwg-url@13.0.0 want: *
120 silly placeDep ROOT memory-pager@1.5.0 OK for: sparse-bitfield@3.0.3 want: ^1.0.2
121 silly placeDep ROOT tr46@5.1.1 OK for: whatwg-url@14.2.0 want: ^5.1.0
122 silly placeDep ROOT webidl-conversions@7.0.0 OK for: whatwg-url@14.2.0 want: ^7.0.0
123 silly reify moves {}
124 http cache webidl-conversions@https://registry.npmjs.org/webidl-conversions/-/webidl-conversions-7.0.0.tgz 0ms (cache hit)
125 http cache @types/webidl-conversions@https://registry.npmjs.org/@types/webidl-conversions/-/webidl-conversions-7.0.3.tgz 0ms (cache hit)
126 http cache @types/whatwg-url@https://registry.npmjs.org/@types/whatwg-url/-/whatwg-url-13.0.0.tgz 0ms (cache hit)
127 http cache memory-pager@https://registry.npmjs.org/memory-pager/-/memory-pager-1.5.0.tgz 0ms (cache hit)
128 http cache sparse-bitfield@https://registry.npmjs.org/sparse-bitfield/-/sparse-bitfield-3.0.3.tgz 0ms (cache hit)
129 http cache tr46@https://registry.npmjs.org/tr46/-/tr46-5.1.1.tgz 0ms (cache hit)
130 http cache @mongodb-js/saslprep@https://registry.npmjs.org/@mongodb-js/saslprep/-/saslprep-1.4.6.tgz 0ms (cache hit)
131 http cache whatwg-url@https://registry.npmjs.org/whatwg-url/-/whatwg-url-14.2.0.tgz 0ms (cache hit)
132 http cache mongodb-connection-string-url@https://registry.npmjs.org/mongodb-connection-string-url/-/mongodb-connection-string-url-7.0.1.tgz 0ms (cache hit)
133 http cache bson@https://registry.npmjs.org/bson/-/bson-7.2.0.tgz 0ms (cache hit)
134 http cache sift@https://registry.npmjs.org/sift/-/sift-17.1.3.tgz 0ms (cache hit)
135 http cache mquery@https://registry.npmjs.org/mquery/-/mquery-6.0.0.tgz 0ms (cache hit)
136 http cache mpath@https://registry.npmjs.org/mpath/-/mpath-0.9.0.tgz 0ms (cache hit)
137 http cache mongodb@https://registry.npmjs.org/mongodb/-/mongodb-7.1.1.tgz 0ms (cache hit)
138 silly tarball no local data for webidl-conversions@https://registry.npmjs.org/webidl-conversions/-/webidl-conversions-7.0.0.tgz. Extracting by manifest.
139 silly tarball no local data for @types/webidl-conversions@https://registry.npmjs.org/@types/webidl-conversions/-/webidl-conversions-7.0.3.tgz. Extracting by manifest.
140 silly tarball no local data for @types/whatwg-url@https://registry.npmjs.org/@types/whatwg-url/-/whatwg-url-13.0.0.tgz. Extracting by manifest.
141 silly tarball no local data for memory-pager@https://registry.npmjs.org/memory-pager/-/memory-pager-1.5.0.tgz. Extracting by manifest.
142 silly tarball no local data for sparse-bitfield@https://registry.npmjs.org/sparse-bitfield/-/sparse-bitfield-3.0.3.tgz. Extracting by manifest.
143 silly tarball no local data for tr46@https://registry.npmjs.org/tr46/-/tr46-5.1.1.tgz. Extracting by manifest.
144 silly tarball no local data for @mongodb-js/saslprep@https://registry.npmjs.org/@mongodb-js/saslprep/-/saslprep-1.4.6.tgz. Extracting by manifest.
145 silly tarball no local data for whatwg-url@https://registry.npmjs.org/whatwg-url/-/whatwg-url-14.2.0.tgz. Extracting by manifest.
146 silly tarball no local data for mongodb-connection-string-url@https://registry.npmjs.org/mongodb-connection-string-url/-/mongodb-connection-string-url-7.0.1.tgz. Extracting by manifest.
147 silly tarball no local data for bson@https://registry.npmjs.org/bson/-/bson-7.2.0.tgz. Extracting by manifest.
148 silly tarball no local data for sift@https://registry.npmjs.org/sift/-/sift-17.1.3.tgz. Extracting by manifest.
149 silly tarball no local data for mquery@https://registry.npmjs.org/mquery/-/mquery-6.0.0.tgz. Extracting by manifest.
150 silly tarball no local data for mpath@https://registry.npmjs.org/mpath/-/mpath-0.9.0.tgz. Extracting by manifest.
151 silly tarball no local data for mongodb@https://registry.npmjs.org/mongodb/-/mongodb-7.1.1.tgz. Extracting by manifest.
152 http cache kareem@https://registry.npmjs.org/kareem/-/kareem-3.2.0.tgz 0ms (cache hit)
153 http cache mongoose@https://registry.npmjs.org/mongoose/-/mongoose-9.3.3.tgz 0ms (cache hit)
154 silly tarball no local data for kareem@https://registry.npmjs.org/kareem/-/kareem-3.2.0.tgz. Extracting by manifest.
155 silly tarball no local data for mongoose@https://registry.npmjs.org/mongoose/-/mongoose-9.3.3.tgz. Extracting by manifest.
156 http fetch GET 200 https://registry.npmjs.org/@types/webidl-conversions/-/webidl-conversions-7.0.3.tgz 368ms (cache miss)
157 http fetch GET 200 https://registry.npmjs.org/webidl-conversions/-/webidl-conversions-7.0.0.tgz 381ms (cache miss)
158 http fetch GET 200 https://registry.npmjs.org/@types/whatwg-url/-/whatwg-url-13.0.0.tgz 597ms (cache miss)
159 http fetch GET 200 https://registry.npmjs.org/sparse-bitfield/-/sparse-bitfield-3.0.3.tgz 1116ms (cache miss)
160 http fetch GET 200 https://registry.npmjs.org/mongodb-connection-string-url/-/mongodb-connection-string-url-7.0.1.tgz 1432ms (cache miss)
161 http fetch GET 200 https://registry.npmjs.org/tr46/-/tr46-5.1.1.tgz 1583ms (cache miss)
162 http fetch GET 200 https://registry.npmjs.org/memory-pager/-/memory-pager-1.5.0.tgz 1621ms (cache miss)
163 http fetch GET 200 https://registry.npmjs.org/whatwg-url/-/whatwg-url-14.2.0.tgz 1823ms (cache miss)
164 http fetch GET 200 https://registry.npmjs.org/mpath/-/mpath-0.9.0.tgz 1924ms (cache miss)
165 http fetch GET 200 https://registry.npmjs.org/mquery/-/mquery-6.0.0.tgz 1955ms (cache miss)
166 http fetch GET 200 https://registry.npmjs.org/sift/-/sift-17.1.3.tgz 2359ms (cache miss)
167 http fetch GET 200 https://registry.npmjs.org/kareem/-/kareem-3.2.0.tgz 2418ms (cache miss)
168 http fetch GET 200 https://registry.npmjs.org/@mongodb-js/saslprep/-/saslprep-1.4.6.tgz 2516ms (cache miss)
169 http fetch GET 200 https://registry.npmjs.org/bson/-/bson-7.2.0.tgz 3614ms (cache miss)
170 http fetch GET 200 https://registry.npmjs.org/mongoose/-/mongoose-9.3.3.tgz 5728ms (cache miss)
171 http fetch GET 200 https://registry.npmjs.org/mongodb/-/mongodb-7.1.1.tgz 7374ms (cache miss)
172 silly ADD node_modules/webidl-conversions
173 silly ADD node_modules/tr46
174 silly ADD node_modules/memory-pager
175 silly ADD node_modules/@types/webidl-conversions
176 silly ADD node_modules/whatwg-url
177 silly ADD node_modules/@types/whatwg-url
178 silly ADD node_modules/sparse-bitfield
179 silly ADD node_modules/mongodb-connection-string-url
180 silly ADD node_modules/bson
181 silly ADD node_modules/@mongodb-js/saslprep
182 silly ADD node_modules/sift
183 silly ADD node_modules/mquery
184 silly ADD node_modules/mpath
185 silly ADD node_modules/mongodb
186 silly ADD node_modules/kareem
187 silly ADD node_modules/mongoose
188 verbose cwd C:\Users\DELL\Desktop\Projects\web-app\fullstack-app\waris-azeez-portfolio
189 verbose os Windows_NT 10.0.21996
190 verbose node v24.11.1
191 verbose npm  v11.11.0
192 notice
192 notice New minor version of npm available! 11.11.0 -> 11.12.1
192 notice Changelog: https://github.com/npm/cli/releases/tag/v11.12.1
192 notice To update run: npm install -g npm@11.12.1
192 notice  { force: true, Symbol(proc-log.meta): true }
193 verbose exit 0
194 info ok
