0 verbose cli C:\Program Files\nodejs\node.exe C:\Users\DELL\AppData\Roaming\npm\node_modules\npm\bin\npm-cli.js
1 info using npm@11.11.0
2 info using node@v24.11.1
3 silly config load:file:C:\Users\DELL\AppData\Roaming\npm\node_modules\npm\npmrc
4 silly config load:file:C:\Users\DELL\Desktop\Projects\web-app\fullstack-app\waris-azeez-portfolio\.npmrc
5 silly config load:file:C:\Users\DELL\.npmrc
6 silly config load:file:C:\Users\DELL\AppData\Roaming\npm\etc\npmrc
7 verbose title npm i express
8 verbose argv "i" "express" "--cache" ".\\.npm-cache" "--no-audit" "--no-fund"
9 verbose logfile logs-max:10 dir:C:\Users\DELL\Desktop\Projects\web-app\fullstack-app\waris-azeez-portfolio\.npm-cache\_logs\2026-03-29T08_49_47_105Z-
10 verbose logfile C:\Users\DELL\Desktop\Projects\web-app\fullstack-app\waris-azeez-portfolio\.npm-cache\_logs\2026-03-29T08_49_47_105Z-debug-0.log
11 silly logfile done cleaning log files
12 silly packumentCache heap:2348810240 maxSize:587202560 maxEntrySize:293601280
13 silly idealTree buildDeps
14 silly fetch manifest express@*
15 silly packumentCache full:https://registry.npmjs.org/express cache-miss
16 http fetch GET 200 https://registry.npmjs.org/express 1838ms (cache miss)
17 silly packumentCache full:https://registry.npmjs.org/express set size:undefined disposed:false
18 silly placeDep ROOT express@5.2.1 OK for: waris-azeez-portfolio@0.1.0 want: *
19 silly fetch manifest qs@^6.14.0
20 silly packumentCache full:https://registry.npmjs.org/qs cache-miss
21 silly fetch manifest depd@^2.0.0
22 silly packumentCache full:https://registry.npmjs.org/depd cache-miss
23 silly fetch manifest etag@^1.8.1
24 silly packumentCache full:https://registry.npmjs.org/etag cache-miss
25 http fetch GET 200 https://registry.npmjs.org/qs 384ms (cache miss)
26 silly packumentCache full:https://registry.npmjs.org/qs set size:undefined disposed:false
27 silly fetch manifest once@^1.4.0
28 silly packumentCache full:https://registry.npmjs.org/once cache-miss
29 http fetch GET 200 https://registry.npmjs.org/once 358ms (cache miss)
30 silly packumentCache full:https://registry.npmjs.org/once set size:undefined disposed:false
31 silly fetch manifest send@^1.1.0
32 silly packumentCache full:https://registry.npmjs.org/send cache-miss
33 http fetch GET 200 https://registry.npmjs.org/depd 872ms (cache miss)
34 silly packumentCache full:https://registry.npmjs.org/depd set size:undefined disposed:false
35 silly fetch manifest vary@^1.1.2
36 silly packumentCache full:https://registry.npmjs.org/vary cache-miss
37 http fetch GET 200 https://registry.npmjs.org/etag 887ms (cache miss)
38 silly packumentCache full:https://registry.npmjs.org/etag set size:undefined disposed:false
39 silly fetch manifest fresh@^2.0.0
40 silly packumentCache full:https://registry.npmjs.org/fresh cache-miss
41 http fetch GET 200 https://registry.npmjs.org/vary 209ms (cache miss)
42 silly packumentCache full:https://registry.npmjs.org/vary set size:undefined disposed:false
43 silly fetch manifest cookie@^0.7.1
44 silly packumentCache full:https://registry.npmjs.org/cookie cache-miss
45 http fetch GET 200 https://registry.npmjs.org/send 371ms (cache miss)
46 silly packumentCache full:https://registry.npmjs.org/send set size:undefined disposed:false
47 silly fetch manifest router@^2.2.0
48 silly packumentCache full:https://registry.npmjs.org/router cache-miss
49 http fetch GET 200 https://registry.npmjs.org/fresh 534ms (cache miss)
50 silly packumentCache full:https://registry.npmjs.org/fresh set size:undefined disposed:false
51 silly fetch manifest accepts@^2.0.0
52 silly packumentCache full:https://registry.npmjs.org/accepts cache-miss
53 http fetch GET 200 https://registry.npmjs.org/router 581ms (cache miss)
54 silly packumentCache full:https://registry.npmjs.org/router set size:undefined disposed:false
55 silly fetch manifest type-is@^2.0.1
56 silly packumentCache full:https://registry.npmjs.org/type-is cache-miss
57 http fetch GET 200 https://registry.npmjs.org/accepts 303ms (cache miss)
58 silly packumentCache full:https://registry.npmjs.org/accepts set size:undefined disposed:false
59 silly fetch manifest parseurl@^1.3.3
60 silly packumentCache full:https://registry.npmjs.org/parseurl cache-miss
61 http fetch GET 200 https://registry.npmjs.org/cookie 655ms (cache miss)
62 silly packumentCache full:https://registry.npmjs.org/cookie set size:undefined disposed:false
63 silly fetch manifest statuses@^2.0.1
64 silly packumentCache full:https://registry.npmjs.org/statuses cache-miss
65 http fetch GET 200 https://registry.npmjs.org/parseurl 361ms (cache miss)
66 silly packumentCache full:https://registry.npmjs.org/parseurl set size:undefined disposed:false
67 silly fetch manifest encodeurl@^2.0.0
68 silly packumentCache full:https://registry.npmjs.org/encodeurl cache-miss
69 http fetch GET 200 https://registry.npmjs.org/statuses 358ms (cache miss)
70 silly packumentCache full:https://registry.npmjs.org/statuses set size:undefined disposed:false
71 silly fetch manifest mime-types@^3.0.0
72 silly packumentCache full:https://registry.npmjs.org/mime-types cache-miss
73 http fetch GET 200 https://registry.npmjs.org/type-is 409ms (cache miss)
74 silly packumentCache full:https://registry.npmjs.org/type-is set size:undefined disposed:false
75 silly fetch manifest proxy-addr@^2.0.7
76 silly packumentCache full:https://registry.npmjs.org/proxy-addr cache-miss
77 http fetch GET 200 https://registry.npmjs.org/mime-types 336ms (cache revalidated)
78 silly packumentCache full:https://registry.npmjs.org/mime-types set size:139110 disposed:false
79 silly fetch manifest body-parser@^2.2.1
80 silly packumentCache full:https://registry.npmjs.org/body-parser cache-miss
81 http fetch GET 200 https://registry.npmjs.org/encodeurl 355ms (cache miss)
82 silly packumentCache full:https://registry.npmjs.org/encodeurl set size:undefined disposed:false
83 silly fetch manifest escape-html@^1.0.3
84 silly packumentCache full:https://registry.npmjs.org/escape-html cache-miss
85 http fetch GET 200 https://registry.npmjs.org/proxy-addr 500ms (cache miss)
86 silly packumentCache full:https://registry.npmjs.org/proxy-addr set size:undefined disposed:false
87 silly fetch manifest http-errors@^2.0.0
88 silly packumentCache full:https://registry.npmjs.org/http-errors cache-miss
89 http fetch GET 200 https://registry.npmjs.org/escape-html 236ms (cache miss)
90 silly packumentCache full:https://registry.npmjs.org/escape-html set size:undefined disposed:false
91 silly fetch manifest on-finished@^2.4.1
92 silly packumentCache full:https://registry.npmjs.org/on-finished cache-miss
93 http fetch GET 200 https://registry.npmjs.org/body-parser 356ms (cache miss)
94 silly packumentCache full:https://registry.npmjs.org/body-parser set size:undefined disposed:false
95 silly fetch manifest content-type@^1.0.5
96 silly packumentCache full:https://registry.npmjs.org/content-type cache-miss
97 http fetch GET 200 https://registry.npmjs.org/http-errors 401ms (cache miss)
98 silly packumentCache full:https://registry.npmjs.org/http-errors set size:undefined disposed:false
99 silly fetch manifest finalhandler@^2.1.0
100 silly packumentCache full:https://registry.npmjs.org/finalhandler cache-miss
101 http fetch GET 200 https://registry.npmjs.org/on-finished 371ms (cache miss)
102 silly packumentCache full:https://registry.npmjs.org/on-finished set size:undefined disposed:false
103 silly fetch manifest range-parser@^1.2.1
104 silly packumentCache full:https://registry.npmjs.org/range-parser cache-miss
105 http fetch GET 200 https://registry.npmjs.org/content-type 361ms (cache miss)
106 silly packumentCache full:https://registry.npmjs.org/content-type set size:undefined disposed:false
107 silly fetch manifest serve-static@^2.2.0
108 silly packumentCache full:https://registry.npmjs.org/serve-static cache-miss
109 http fetch GET 200 https://registry.npmjs.org/finalhandler 364ms (cache miss)
110 silly packumentCache full:https://registry.npmjs.org/finalhandler set size:undefined disposed:false
111 silly fetch manifest cookie-signature@^1.2.1
112 silly packumentCache full:https://registry.npmjs.org/cookie-signature cache-miss
113 http fetch GET 200 https://registry.npmjs.org/range-parser 388ms (cache miss)
114 silly packumentCache full:https://registry.npmjs.org/range-parser set size:undefined disposed:false
115 silly fetch manifest merge-descriptors@^2.0.0
116 silly packumentCache full:https://registry.npmjs.org/merge-descriptors cache-miss
117 http fetch GET 200 https://registry.npmjs.org/serve-static 375ms (cache miss)
118 silly packumentCache full:https://registry.npmjs.org/serve-static set size:undefined disposed:false
119 silly fetch manifest content-disposition@^1.0.0
120 silly packumentCache full:https://registry.npmjs.org/content-disposition cache-miss
121 http fetch GET 200 https://registry.npmjs.org/cookie-signature 373ms (cache miss)
122 silly packumentCache full:https://registry.npmjs.org/cookie-signature set size:undefined disposed:false
123 http fetch GET 200 https://registry.npmjs.org/merge-descriptors 371ms (cache miss)
124 silly packumentCache full:https://registry.npmjs.org/merge-descriptors set size:undefined disposed:false
125 http fetch GET 200 https://registry.npmjs.org/content-disposition 387ms (cache miss)
126 silly packumentCache full:https://registry.npmjs.org/content-disposition set size:undefined disposed:false
127 silly placeDep ROOT accepts@2.0.0 OK for: express@5.2.1 want: ^2.0.0
128 silly placeDep ROOT body-parser@2.2.2 OK for: express@5.2.1 want: ^2.2.1
129 silly placeDep ROOT content-disposition@1.0.1 OK for: express@5.2.1 want: ^1.0.0
130 silly placeDep ROOT content-type@1.0.5 OK for: express@5.2.1 want: ^1.0.5
131 silly placeDep ROOT cookie@0.7.2 OK for: express@5.2.1 want: ^0.7.1
132 silly placeDep ROOT cookie-signature@1.2.2 OK for: express@5.2.1 want: ^1.2.1
133 silly placeDep ROOT depd@2.0.0 OK for: express@5.2.1 want: ^2.0.0
134 silly placeDep ROOT encodeurl@2.0.0 OK for: express@5.2.1 want: ^2.0.0
135 silly placeDep ROOT escape-html@1.0.3 OK for: express@5.2.1 want: ^1.0.3
136 silly placeDep ROOT etag@1.8.1 OK for: express@5.2.1 want: ^1.8.1
137 silly placeDep ROOT finalhandler@2.1.1 OK for: express@5.2.1 want: ^2.1.0
138 silly placeDep ROOT fresh@2.0.0 OK for: express@5.2.1 want: ^2.0.0
139 silly placeDep ROOT http-errors@2.0.1 OK for: express@5.2.1 want: ^2.0.0
140 silly placeDep ROOT merge-descriptors@2.0.0 OK for: express@5.2.1 want: ^2.0.0
141 silly placeDep node_modules/express mime-types@3.0.2 OK for: express@5.2.1 want: ^3.0.0
142 silly placeDep ROOT on-finished@2.4.1 OK for: express@5.2.1 want: ^2.4.1
143 silly placeDep ROOT once@1.4.0 OK for: express@5.2.1 want: ^1.4.0
144 silly placeDep ROOT parseurl@1.3.3 OK for: express@5.2.1 want: ^1.3.3
145 silly placeDep ROOT proxy-addr@2.0.7 OK for: express@5.2.1 want: ^2.0.7
146 silly placeDep ROOT qs@6.15.0 OK for: express@5.2.1 want: ^6.14.0
147 silly placeDep ROOT range-parser@1.2.1 OK for: express@5.2.1 want: ^1.2.1
148 silly placeDep ROOT router@2.2.0 OK for: express@5.2.1 want: ^2.2.0
149 silly placeDep ROOT send@1.2.1 OK for: express@5.2.1 want: ^1.1.0
150 silly placeDep ROOT serve-static@2.2.1 OK for: express@5.2.1 want: ^2.2.0
151 silly placeDep ROOT statuses@2.0.2 OK for: express@5.2.1 want: ^2.0.1
152 silly placeDep ROOT type-is@2.0.1 OK for: express@5.2.1 want: ^2.0.1
153 silly placeDep ROOT vary@1.1.2 OK for: express@5.2.1 want: ^1.1.2
154 silly fetch manifest negotiator@^1.0.0
155 silly packumentCache full:https://registry.npmjs.org/negotiator cache-miss
156 silly fetch manifest bytes@^3.1.2
157 silly packumentCache full:https://registry.npmjs.org/bytes cache-miss
158 silly fetch manifest iconv-lite@^0.7.0
159 silly packumentCache full:https://registry.npmjs.org/iconv-lite cache-miss
160 http fetch GET 200 https://registry.npmjs.org/negotiator 660ms (cache miss)
161 silly packumentCache full:https://registry.npmjs.org/negotiator set size:undefined disposed:false
162 silly fetch manifest qs@^6.14.1
163 silly packumentCache full:https://registry.npmjs.org/qs cache-miss
164 http fetch GET 200 https://registry.npmjs.org/iconv-lite 662ms (cache miss)
165 silly packumentCache full:https://registry.npmjs.org/iconv-lite set size:undefined disposed:false
166 silly fetch manifest raw-body@^3.0.1
167 silly packumentCache full:https://registry.npmjs.org/raw-body cache-miss
168 http fetch GET 200 https://registry.npmjs.org/bytes 683ms (cache miss)
169 silly packumentCache full:https://registry.npmjs.org/bytes set size:undefined disposed:false
170 silly fetch manifest inherits@~2.0.4
171 silly packumentCache full:https://registry.npmjs.org/inherits cache-miss
172 http cache https://registry.npmjs.org/qs 40ms (cache hit)
173 silly packumentCache full:https://registry.npmjs.org/qs set size:350258 disposed:false
174 silly fetch manifest setprototypeof@~1.2.0
175 silly packumentCache full:https://registry.npmjs.org/setprototypeof cache-miss
176 http fetch GET 200 https://registry.npmjs.org/setprototypeof 216ms (cache miss)
177 silly packumentCache full:https://registry.npmjs.org/setprototypeof set size:undefined disposed:false
178 silly fetch manifest statuses@~2.0.2
179 silly packumentCache full:https://registry.npmjs.org/statuses cache-miss
180 http cache https://registry.npmjs.org/statuses 11ms (cache hit)
181 silly packumentCache full:https://registry.npmjs.org/statuses set size:37117 disposed:false
182 silly fetch manifest toidentifier@~1.0.1
183 silly packumentCache full:https://registry.npmjs.org/toidentifier cache-miss
184 http fetch GET 200 https://registry.npmjs.org/inherits 396ms (cache miss)
185 silly packumentCache full:https://registry.npmjs.org/inherits set size:undefined disposed:false
186 silly fetch manifest mime-db@^1.54.0
187 silly packumentCache full:https://registry.npmjs.org/mime-db cache-miss
188 http fetch GET 200 https://registry.npmjs.org/mime-db 270ms (cache revalidated)
189 silly packumentCache full:https://registry.npmjs.org/mime-db set size:164953 disposed:false
190 silly fetch manifest ee-first@1.1.1
191 silly packumentCache full:https://registry.npmjs.org/ee-first cache-miss
192 http fetch GET 200 https://registry.npmjs.org/toidentifier 446ms (cache miss)
193 silly packumentCache full:https://registry.npmjs.org/toidentifier set size:undefined disposed:false
194 silly fetch manifest wrappy@1
195 silly packumentCache full:https://registry.npmjs.org/wrappy cache-miss
196 http fetch GET 200 https://registry.npmjs.org/raw-body 887ms (cache miss)
197 silly packumentCache full:https://registry.npmjs.org/raw-body set size:undefined disposed:false
198 silly fetch manifest forwarded@0.2.0
199 silly packumentCache full:https://registry.npmjs.org/forwarded cache-miss
200 http fetch GET 200 https://registry.npmjs.org/ee-first 220ms (cache miss)
201 silly packumentCache full:https://registry.npmjs.org/ee-first set size:undefined disposed:false
202 silly fetch manifest ipaddr.js@1.9.1
203 silly packumentCache full:https://registry.npmjs.org/ipaddr.js cache-miss
204 http fetch GET 200 https://registry.npmjs.org/wrappy 212ms (cache miss)
205 silly packumentCache full:https://registry.npmjs.org/wrappy set size:undefined disposed:false
206 silly fetch manifest is-promise@^4.0.0
207 silly packumentCache full:https://registry.npmjs.org/is-promise cache-miss
208 http fetch GET 200 https://registry.npmjs.org/forwarded 284ms (cache miss)
209 silly packumentCache full:https://registry.npmjs.org/forwarded set size:undefined disposed:false
210 silly fetch manifest path-to-regexp@^8.0.0
211 silly packumentCache full:https://registry.npmjs.org/path-to-regexp cache-miss
212 http fetch GET 200 https://registry.npmjs.org/ipaddr.js 396ms (cache miss)
213 silly packumentCache full:https://registry.npmjs.org/ipaddr.js set size:undefined disposed:false
214 silly fetch manifest mime-types@^3.0.2
215 silly packumentCache full:https://registry.npmjs.org/mime-types cache-hit
216 silly fetch manifest statuses@^2.0.2
217 silly packumentCache full:https://registry.npmjs.org/statuses cache-hit
218 silly fetch manifest media-typer@^1.1.0
219 silly packumentCache full:https://registry.npmjs.org/media-typer cache-miss
220 http fetch GET 200 https://registry.npmjs.org/is-promise 406ms (cache miss)
221 silly packumentCache full:https://registry.npmjs.org/is-promise set size:undefined disposed:false
222 http fetch GET 200 https://registry.npmjs.org/media-typer 372ms (cache miss)
223 silly packumentCache full:https://registry.npmjs.org/media-typer set size:undefined disposed:false
224 http fetch GET 200 https://registry.npmjs.org/path-to-regexp 930ms (cache miss)
225 silly packumentCache full:https://registry.npmjs.org/path-to-regexp set size:undefined disposed:false
226 silly placeDep node_modules/accepts mime-types@3.0.2 OK for: accepts@2.0.0 want: ^3.0.0
227 silly placeDep ROOT negotiator@1.0.0 OK for: accepts@2.0.0 want: ^1.0.0
228 silly placeDep ROOT bytes@3.1.2 OK for: body-parser@2.2.2 want: ^3.1.2
229 silly placeDep ROOT iconv-lite@0.7.2 OK for: body-parser@2.2.2 want: ^0.7.0
230 silly placeDep ROOT raw-body@3.0.2 OK for: body-parser@2.2.2 want: ^3.0.1
231 silly fetch manifest safer-buffer@>= 2.1.2 < 3.0.0
232 silly packumentCache full:https://registry.npmjs.org/safer-buffer cache-miss
233 silly fetch manifest unpipe@~1.0.0
234 silly packumentCache full:https://registry.npmjs.org/unpipe cache-miss
235 http fetch GET 200 https://registry.npmjs.org/unpipe 226ms (cache miss)
236 silly packumentCache full:https://registry.npmjs.org/unpipe set size:undefined disposed:false
237 http fetch GET 200 https://registry.npmjs.org/safer-buffer 367ms (cache miss)
238 silly packumentCache full:https://registry.npmjs.org/safer-buffer set size:undefined disposed:false
239 silly placeDep ROOT inherits@2.0.4 OK for: http-errors@2.0.1 want: ~2.0.4
240 silly placeDep ROOT setprototypeof@1.2.0 OK for: http-errors@2.0.1 want: ~1.2.0
241 silly placeDep ROOT toidentifier@1.0.1 OK for: http-errors@2.0.1 want: ~1.0.1
242 silly placeDep ROOT safer-buffer@2.1.2 OK for: iconv-lite@0.7.2 want: >= 2.1.2 < 3.0.0
243 silly placeDep ROOT ee-first@1.1.1 OK for: on-finished@2.4.1 want: 1.1.1
244 silly placeDep ROOT wrappy@1.0.2 OK for: once@1.4.0 want: 1
245 silly placeDep ROOT forwarded@0.2.0 OK for: proxy-addr@2.0.7 want: 0.2.0
246 silly placeDep ROOT ipaddr.js@1.9.1 OK for: proxy-addr@2.0.7 want: 1.9.1
247 silly placeDep ROOT unpipe@1.0.0 OK for: raw-body@3.0.2 want: ~1.0.0
248 silly placeDep ROOT is-promise@4.0.0 OK for: router@2.2.0 want: ^4.0.0
249 silly placeDep ROOT path-to-regexp@8.4.0 OK for: router@2.2.0 want: ^8.0.0
250 silly placeDep node_modules/send mime-types@3.0.2 OK for: send@1.2.1 want: ^3.0.2
251 silly placeDep ROOT media-typer@1.1.0 OK for: type-is@2.0.1 want: ^1.1.0
252 silly placeDep node_modules/type-is mime-types@3.0.2 OK for: type-is@2.0.1 want: ^3.0.0
253 silly placeDep node_modules/accepts mime-db@1.54.0 OK for: mime-types@3.0.2 want: ^1.54.0
254 silly placeDep node_modules/express mime-db@1.54.0 OK for: mime-types@3.0.2 want: ^1.54.0
255 silly placeDep node_modules/send mime-db@1.54.0 OK for: mime-types@3.0.2 want: ^1.54.0
256 silly placeDep node_modules/type-is mime-db@1.54.0 OK for: mime-types@3.0.2 want: ^1.54.0
257 silly reify moves {}
258 http cache media-typer@https://registry.npmjs.org/media-typer/-/media-typer-1.1.0.tgz 0ms (cache hit)
259 http cache path-to-regexp@https://registry.npmjs.org/path-to-regexp/-/path-to-regexp-8.4.0.tgz 0ms (cache hit)
260 http cache is-promise@https://registry.npmjs.org/is-promise/-/is-promise-4.0.0.tgz 0ms (cache hit)
261 http cache ipaddr.js@https://registry.npmjs.org/ipaddr.js/-/ipaddr.js-1.9.1.tgz 0ms (cache hit)
262 http cache unpipe@https://registry.npmjs.org/unpipe/-/unpipe-1.0.0.tgz 0ms (cache hit)
263 http cache forwarded@https://registry.npmjs.org/forwarded/-/forwarded-0.2.0.tgz 0ms (cache hit)
264 http cache wrappy@https://registry.npmjs.org/wrappy/-/wrappy-1.0.2.tgz 0ms (cache hit)
265 http cache ee-first@https://registry.npmjs.org/ee-first/-/ee-first-1.1.1.tgz 0ms (cache hit)
266 http cache safer-buffer@https://registry.npmjs.org/safer-buffer/-/safer-buffer-2.1.2.tgz 0ms (cache hit)
267 http cache toidentifier@https://registry.npmjs.org/toidentifier/-/toidentifier-1.0.1.tgz 0ms (cache hit)
268 http cache raw-body@https://registry.npmjs.org/raw-body/-/raw-body-3.0.2.tgz 0ms (cache hit)
269 http cache setprototypeof@https://registry.npmjs.org/setprototypeof/-/setprototypeof-1.2.0.tgz 0ms (cache hit)
270 http cache inherits@https://registry.npmjs.org/inherits/-/inherits-2.0.4.tgz 0ms (cache hit)
271 http cache iconv-lite@https://registry.npmjs.org/iconv-lite/-/iconv-lite-0.7.2.tgz 0ms (cache hit)
272 http cache bytes@https://registry.npmjs.org/bytes/-/bytes-3.1.2.tgz 0ms (cache hit)
273 http cache negotiator@https://registry.npmjs.org/negotiator/-/negotiator-1.0.0.tgz 0ms (cache hit)
274 http cache vary@https://registry.npmjs.org/vary/-/vary-1.1.2.tgz 0ms (cache hit)
275 http cache type-is@https://registry.npmjs.org/type-is/-/type-is-2.0.1.tgz 0ms (cache hit)
276 http cache statuses@https://registry.npmjs.org/statuses/-/statuses-2.0.2.tgz 0ms (cache hit)
277 http cache serve-static@https://registry.npmjs.org/serve-static/-/serve-static-2.2.1.tgz 1ms (cache hit)
278 http cache send@https://registry.npmjs.org/send/-/send-1.2.1.tgz 0ms (cache hit)
279 http cache router@https://registry.npmjs.org/router/-/router-2.2.0.tgz 0ms (cache hit)
280 http cache range-parser@https://registry.npmjs.org/range-parser/-/range-parser-1.2.1.tgz 0ms (cache hit)
281 http cache qs@https://registry.npmjs.org/qs/-/qs-6.15.0.tgz 0ms (cache hit)
282 http cache proxy-addr@https://registry.npmjs.org/proxy-addr/-/proxy-addr-2.0.7.tgz 0ms (cache hit)
283 http cache parseurl@https://registry.npmjs.org/parseurl/-/parseurl-1.3.3.tgz 0ms (cache hit)
284 http cache once@https://registry.npmjs.org/once/-/once-1.4.0.tgz 0ms (cache hit)
285 http cache on-finished@https://registry.npmjs.org/on-finished/-/on-finished-2.4.1.tgz 0ms (cache hit)
286 http cache merge-descriptors@https://registry.npmjs.org/merge-descriptors/-/merge-descriptors-2.0.0.tgz 0ms (cache hit)
287 http cache http-errors@https://registry.npmjs.org/http-errors/-/http-errors-2.0.1.tgz 0ms (cache hit)
288 http cache fresh@https://registry.npmjs.org/fresh/-/fresh-2.0.0.tgz 0ms (cache hit)
289 http cache finalhandler@https://registry.npmjs.org/finalhandler/-/finalhandler-2.1.1.tgz 0ms (cache hit)
290 http cache etag@https://registry.npmjs.org/etag/-/etag-1.8.1.tgz 0ms (cache hit)
291 http cache escape-html@https://registry.npmjs.org/escape-html/-/escape-html-1.0.3.tgz 0ms (cache hit)
292 http cache encodeurl@https://registry.npmjs.org/encodeurl/-/encodeurl-2.0.0.tgz 0ms (cache hit)
293 http cache depd@https://registry.npmjs.org/depd/-/depd-2.0.0.tgz 0ms (cache hit)
294 http cache cookie-signature@https://registry.npmjs.org/cookie-signature/-/cookie-signature-1.2.2.tgz 0ms (cache hit)
295 http cache cookie@https://registry.npmjs.org/cookie/-/cookie-0.7.2.tgz 0ms (cache hit)
296 http cache content-type@https://registry.npmjs.org/content-type/-/content-type-1.0.5.tgz 0ms (cache hit)
297 http cache content-disposition@https://registry.npmjs.org/content-disposition/-/content-disposition-1.0.1.tgz 0ms (cache hit)
298 http cache body-parser@https://registry.npmjs.org/body-parser/-/body-parser-2.2.2.tgz 0ms (cache hit)
299 http cache accepts@https://registry.npmjs.org/accepts/-/accepts-2.0.0.tgz 0ms (cache hit)
300 http cache express@https://registry.npmjs.org/express/-/express-5.2.1.tgz 0ms (cache hit)
301 http cache mime-db@https://registry.npmjs.org/mime-db/-/mime-db-1.54.0.tgz 0ms (cache hit)
302 http cache mime-types@https://registry.npmjs.org/mime-types/-/mime-types-3.0.2.tgz 0ms (cache hit)
303 http cache mime-db@https://registry.npmjs.org/mime-db/-/mime-db-1.54.0.tgz 0ms (cache hit)
304 http cache mime-types@https://registry.npmjs.org/mime-types/-/mime-types-3.0.2.tgz 0ms (cache hit)
305 http cache mime-db@https://registry.npmjs.org/mime-db/-/mime-db-1.54.0.tgz 0ms (cache hit)
306 http cache mime-db@https://registry.npmjs.org/mime-db/-/mime-db-1.54.0.tgz 0ms (cache hit)
307 http cache mime-types@https://registry.npmjs.org/mime-types/-/mime-types-3.0.2.tgz 0ms (cache hit)
308 http cache mime-types@https://registry.npmjs.org/mime-types/-/mime-types-3.0.2.tgz 0ms (cache hit)
309 silly tarball no local data for media-typer@https://registry.npmjs.org/media-typer/-/media-typer-1.1.0.tgz. Extracting by manifest.
310 silly tarball no local data for path-to-regexp@https://registry.npmjs.org/path-to-regexp/-/path-to-regexp-8.4.0.tgz. Extracting by manifest.
311 silly tarball no local data for is-promise@https://registry.npmjs.org/is-promise/-/is-promise-4.0.0.tgz. Extracting by manifest.
312 silly tarball no local data for ipaddr.js@https://registry.npmjs.org/ipaddr.js/-/ipaddr.js-1.9.1.tgz. Extracting by manifest.
313 silly tarball no local data for unpipe@https://registry.npmjs.org/unpipe/-/unpipe-1.0.0.tgz. Extracting by manifest.
314 silly tarball no local data for forwarded@https://registry.npmjs.org/forwarded/-/forwarded-0.2.0.tgz. Extracting by manifest.
315 silly tarball no local data for wrappy@https://registry.npmjs.org/wrappy/-/wrappy-1.0.2.tgz. Extracting by manifest.
316 silly tarball no local data for ee-first@https://registry.npmjs.org/ee-first/-/ee-first-1.1.1.tgz. Extracting by manifest.
317 silly tarball no local data for safer-buffer@https://registry.npmjs.org/safer-buffer/-/safer-buffer-2.1.2.tgz. Extracting by manifest.
318 silly tarball no local data for toidentifier@https://registry.npmjs.org/toidentifier/-/toidentifier-1.0.1.tgz. Extracting by manifest.
319 silly tarball no local data for raw-body@https://registry.npmjs.org/raw-body/-/raw-body-3.0.2.tgz. Extracting by manifest.
320 silly tarball no local data for setprototypeof@https://registry.npmjs.org/setprototypeof/-/setprototypeof-1.2.0.tgz. Extracting by manifest.
321 silly tarball no local data for inherits@https://registry.npmjs.org/inherits/-/inherits-2.0.4.tgz. Extracting by manifest.
322 silly tarball no local data for iconv-lite@https://registry.npmjs.org/iconv-lite/-/iconv-lite-0.7.2.tgz. Extracting by manifest.
323 silly tarball no local data for bytes@https://registry.npmjs.org/bytes/-/bytes-3.1.2.tgz. Extracting by manifest.
324 silly tarball no local data for negotiator@https://registry.npmjs.org/negotiator/-/negotiator-1.0.0.tgz. Extracting by manifest.
325 silly tarball no local data for vary@https://registry.npmjs.org/vary/-/vary-1.1.2.tgz. Extracting by manifest.
326 silly tarball no local data for type-is@https://registry.npmjs.org/type-is/-/type-is-2.0.1.tgz. Extracting by manifest.
327 silly tarball no local data for statuses@https://registry.npmjs.org/statuses/-/statuses-2.0.2.tgz. Extracting by manifest.
328 silly tarball no local data for serve-static@https://registry.npmjs.org/serve-static/-/serve-static-2.2.1.tgz. Extracting by manifest.
329 silly tarball no local data for send@https://registry.npmjs.org/send/-/send-1.2.1.tgz. Extracting by manifest.
330 silly tarball no local data for router@https://registry.npmjs.org/router/-/router-2.2.0.tgz. Extracting by manifest.
331 silly tarball no local data for range-parser@https://registry.npmjs.org/range-parser/-/range-parser-1.2.1.tgz. Extracting by manifest.
332 silly tarball no local data for qs@https://registry.npmjs.org/qs/-/qs-6.15.0.tgz. Extracting by manifest.
333 silly tarball no local data for proxy-addr@https://registry.npmjs.org/proxy-addr/-/proxy-addr-2.0.7.tgz. Extracting by manifest.
334 silly tarball no local data for parseurl@https://registry.npmjs.org/parseurl/-/parseurl-1.3.3.tgz. Extracting by manifest.
335 silly tarball no local data for once@https://registry.npmjs.org/once/-/once-1.4.0.tgz. Extracting by manifest.
336 silly tarball no local data for on-finished@https://registry.npmjs.org/on-finished/-/on-finished-2.4.1.tgz. Extracting by manifest.
337 silly tarball no local data for merge-descriptors@https://registry.npmjs.org/merge-descriptors/-/merge-descriptors-2.0.0.tgz. Extracting by manifest.
338 silly tarball no local data for http-errors@https://registry.npmjs.org/http-errors/-/http-errors-2.0.1.tgz. Extracting by manifest.
339 silly tarball no local data for fresh@https://registry.npmjs.org/fresh/-/fresh-2.0.0.tgz. Extracting by manifest.
340 silly tarball no local data for finalhandler@https://registry.npmjs.org/finalhandler/-/finalhandler-2.1.1.tgz. Extracting by manifest.
341 silly tarball no local data for etag@https://registry.npmjs.org/etag/-/etag-1.8.1.tgz. Extracting by manifest.
342 silly tarball no local data for escape-html@https://registry.npmjs.org/escape-html/-/escape-html-1.0.3.tgz. Extracting by manifest.
343 silly tarball no local data for encodeurl@https://registry.npmjs.org/encodeurl/-/encodeurl-2.0.0.tgz. Extracting by manifest.
344 silly tarball no local data for depd@https://registry.npmjs.org/depd/-/depd-2.0.0.tgz. Extracting by manifest.
345 silly tarball no local data for cookie-signature@https://registry.npmjs.org/cookie-signature/-/cookie-signature-1.2.2.tgz. Extracting by manifest.
346 silly tarball no local data for cookie@https://registry.npmjs.org/cookie/-/cookie-0.7.2.tgz. Extracting by manifest.
347 silly tarball no local data for content-type@https://registry.npmjs.org/content-type/-/content-type-1.0.5.tgz. Extracting by manifest.
348 silly tarball no local data for content-disposition@https://registry.npmjs.org/content-disposition/-/content-disposition-1.0.1.tgz. Extracting by manifest.
349 silly tarball no local data for body-parser@https://registry.npmjs.org/body-parser/-/body-parser-2.2.2.tgz. Extracting by manifest.
350 silly tarball no local data for accepts@https://registry.npmjs.org/accepts/-/accepts-2.0.0.tgz. Extracting by manifest.
351 silly tarball no local data for express@https://registry.npmjs.org/express/-/express-5.2.1.tgz. Extracting by manifest.
352 silly tarball no local data for mime-db@https://registry.npmjs.org/mime-db/-/mime-db-1.54.0.tgz. Extracting by manifest.
353 silly tarball no local data for mime-types@https://registry.npmjs.org/mime-types/-/mime-types-3.0.2.tgz. Extracting by manifest.
354 silly tarball no local data for mime-db@https://registry.npmjs.org/mime-db/-/mime-db-1.54.0.tgz. Extracting by manifest.
355 silly tarball no local data for mime-types@https://registry.npmjs.org/mime-types/-/mime-types-3.0.2.tgz. Extracting by manifest.
356 silly tarball no local data for mime-db@https://registry.npmjs.org/mime-db/-/mime-db-1.54.0.tgz. Extracting by manifest.
357 silly tarball no local data for mime-db@https://registry.npmjs.org/mime-db/-/mime-db-1.54.0.tgz. Extracting by manifest.
358 silly tarball no local data for mime-types@https://registry.npmjs.org/mime-types/-/mime-types-3.0.2.tgz. Extracting by manifest.
359 silly tarball no local data for mime-types@https://registry.npmjs.org/mime-types/-/mime-types-3.0.2.tgz. Extracting by manifest.
360 http fetch GET 200 https://registry.npmjs.org/is-promise/-/is-promise-4.0.0.tgz 380ms (cache miss)
361 http fetch GET 200 https://registry.npmjs.org/media-typer/-/media-typer-1.1.0.tgz 423ms (cache miss)
362 http fetch GET 200 https://registry.npmjs.org/negotiator/-/negotiator-1.0.0.tgz 687ms (cache miss)
363 http fetch GET 200 https://registry.npmjs.org/vary/-/vary-1.1.2.tgz 690ms (cache miss)
364 http fetch GET 200 https://registry.npmjs.org/path-to-regexp/-/path-to-regexp-8.4.0.tgz 780ms (cache miss)
365 http fetch GET 200 https://registry.npmjs.org/unpipe/-/unpipe-1.0.0.tgz 926ms (cache miss)
366 http fetch GET 200 https://registry.npmjs.org/type-is/-/type-is-2.0.1.tgz 1007ms (cache miss)
367 http fetch GET 200 https://registry.npmjs.org/ipaddr.js/-/ipaddr.js-1.9.1.tgz 1132ms (cache miss)
368 http fetch GET 200 https://registry.npmjs.org/statuses/-/statuses-2.0.2.tgz 1116ms (cache miss)
369 http fetch GET 200 https://registry.npmjs.org/serve-static/-/serve-static-2.2.1.tgz 1138ms (cache miss)
370 http fetch GET 200 https://registry.npmjs.org/setprototypeof/-/setprototypeof-1.2.0.tgz 1205ms (cache miss)
371 http fetch GET 200 https://registry.npmjs.org/wrappy/-/wrappy-1.0.2.tgz 1235ms (cache miss)
372 http fetch GET 200 https://registry.npmjs.org/inherits/-/inherits-2.0.4.tgz 1406ms (cache miss)
373 http fetch GET 200 https://registry.npmjs.org/proxy-addr/-/proxy-addr-2.0.7.tgz 1507ms (cache miss)
374 http fetch GET 200 https://registry.npmjs.org/range-parser/-/range-parser-1.2.1.tgz 1549ms (cache miss)
375 http fetch GET 200 https://registry.npmjs.org/once/-/once-1.4.0.tgz 1577ms (cache miss)
376 http fetch GET 200 https://registry.npmjs.org/ee-first/-/ee-first-1.1.1.tgz 1635ms (cache miss)
377 http fetch GET 200 https://registry.npmjs.org/send/-/send-1.2.1.tgz 1853ms (cache miss)
378 http fetch GET 200 https://registry.npmjs.org/safer-buffer/-/safer-buffer-2.1.2.tgz 1955ms (cache miss)
379 http fetch GET 200 https://registry.npmjs.org/forwarded/-/forwarded-0.2.0.tgz 2105ms (cache miss)
380 http fetch GET 200 https://registry.npmjs.org/toidentifier/-/toidentifier-1.0.1.tgz 2101ms (cache miss)
381 http fetch GET 200 https://registry.npmjs.org/parseurl/-/parseurl-1.3.3.tgz 2181ms (cache miss)
382 http fetch GET 200 https://registry.npmjs.org/merge-descriptors/-/merge-descriptors-2.0.0.tgz 2287ms (cache miss)
383 http fetch GET 200 https://registry.npmjs.org/bytes/-/bytes-3.1.2.tgz 2365ms (cache miss)
384 http fetch GET 200 https://registry.npmjs.org/on-finished/-/on-finished-2.4.1.tgz 2330ms (cache miss)
385 http fetch GET 200 https://registry.npmjs.org/finalhandler/-/finalhandler-2.1.1.tgz 2317ms (cache miss)
386 http fetch GET 200 https://registry.npmjs.org/etag/-/etag-1.8.1.tgz 2393ms (cache miss)
387 http fetch GET 200 https://registry.npmjs.org/router/-/router-2.2.0.tgz 2447ms (cache miss)
388 http fetch GET 200 https://registry.npmjs.org/cookie-signature/-/cookie-signature-1.2.2.tgz 2419ms (cache miss)
389 http fetch GET 200 https://registry.npmjs.org/fresh/-/fresh-2.0.0.tgz 2487ms (cache miss)
390 http fetch GET 200 https://registry.npmjs.org/accepts/-/accepts-2.0.0.tgz 2522ms (cache miss)
391 http fetch GET 200 https://registry.npmjs.org/content-type/-/content-type-1.0.5.tgz 2542ms (cache miss)
392 http fetch GET 200 https://registry.npmjs.org/escape-html/-/escape-html-1.0.3.tgz 2665ms (cache miss)
393 http fetch GET 200 https://registry.npmjs.org/encodeurl/-/encodeurl-2.0.0.tgz 2670ms (cache miss)
394 http fetch GET 200 https://registry.npmjs.org/raw-body/-/raw-body-3.0.2.tgz 2830ms (cache miss)
395 http fetch GET 200 https://registry.npmjs.org/http-errors/-/http-errors-2.0.1.tgz 2782ms (cache miss)
396 http fetch GET 200 https://registry.npmjs.org/cookie/-/cookie-0.7.2.tgz 2778ms (cache miss)
397 http fetch GET 200 https://registry.npmjs.org/content-disposition/-/content-disposition-1.0.1.tgz 2912ms (cache miss)
398 http fetch GET 200 https://registry.npmjs.org/depd/-/depd-2.0.0.tgz 2926ms (cache miss)
399 http fetch GET 200 https://registry.npmjs.org/mime-types/-/mime-types-3.0.2.tgz 2971ms (cache miss)
400 http fetch GET 200 https://registry.npmjs.org/mime-types/-/mime-types-3.0.2.tgz 2992ms (cache miss)
401 http fetch GET 200 https://registry.npmjs.org/mime-types/-/mime-types-3.0.2.tgz 2985ms (cache miss)
402 http fetch GET 200 https://registry.npmjs.org/mime-types/-/mime-types-3.0.2.tgz 2984ms (cache miss)
403 http fetch GET 200 https://registry.npmjs.org/mime-db/-/mime-db-1.54.0.tgz 3103ms (cache miss)
404 http fetch GET 200 https://registry.npmjs.org/mime-db/-/mime-db-1.54.0.tgz 3133ms (cache miss)
405 http fetch GET 200 https://registry.npmjs.org/mime-db/-/mime-db-1.54.0.tgz 3143ms (cache miss)
406 http fetch GET 200 https://registry.npmjs.org/mime-db/-/mime-db-1.54.0.tgz 3146ms (cache miss)
407 http fetch GET 200 https://registry.npmjs.org/body-parser/-/body-parser-2.2.2.tgz 3256ms (cache miss)
408 http fetch GET 200 https://registry.npmjs.org/express/-/express-5.2.1.tgz 3305ms (cache miss)
409 http fetch GET 200 https://registry.npmjs.org/qs/-/qs-6.15.0.tgz 3373ms (cache miss)
410 http fetch GET 200 https://registry.npmjs.org/iconv-lite/-/iconv-lite-0.7.2.tgz 4804ms (cache miss)
411 silly ADD node_modules/media-typer
412 silly ADD node_modules/path-to-regexp
413 silly ADD node_modules/is-promise
414 silly ADD node_modules/unpipe
415 silly ADD node_modules/ipaddr.js
416 silly ADD node_modules/forwarded
417 silly ADD node_modules/wrappy
418 silly ADD node_modules/ee-first
419 silly ADD node_modules/safer-buffer
420 silly ADD node_modules/toidentifier
421 silly ADD node_modules/setprototypeof
422 silly ADD node_modules/inherits
423 silly ADD node_modules/raw-body
424 silly ADD node_modules/iconv-lite
425 silly ADD node_modules/bytes
426 silly ADD node_modules/negotiator
427 silly ADD node_modules/vary
428 silly ADD node_modules/type-is
429 silly ADD node_modules/type-is/node_modules/mime-db
430 silly ADD node_modules/type-is/node_modules/mime-types
431 silly ADD node_modules/statuses
432 silly ADD node_modules/serve-static
433 silly ADD node_modules/send
434 silly ADD node_modules/send/node_modules/mime-db
435 silly ADD node_modules/send/node_modules/mime-types
436 silly ADD node_modules/router
437 silly ADD node_modules/range-parser
438 silly ADD node_modules/qs
439 silly ADD node_modules/proxy-addr
440 silly ADD node_modules/parseurl
441 silly ADD node_modules/once
442 silly ADD node_modules/on-finished
443 silly ADD node_modules/merge-descriptors
444 silly ADD node_modules/http-errors
445 silly ADD node_modules/fresh
446 silly ADD node_modules/finalhandler
447 silly ADD node_modules/etag
448 silly ADD node_modules/escape-html
449 silly ADD node_modules/encodeurl
450 silly ADD node_modules/depd
451 silly ADD node_modules/cookie-signature
452 silly ADD node_modules/cookie
453 silly ADD node_modules/content-type
454 silly ADD node_modules/content-disposition
455 silly ADD node_modules/body-parser
456 silly ADD node_modules/accepts
457 silly ADD node_modules/accepts/node_modules/mime-db
458 silly ADD node_modules/accepts/node_modules/mime-types
459 silly ADD node_modules/express
460 silly ADD node_modules/express/node_modules/mime-db
461 silly ADD node_modules/express/node_modules/mime-types
462 verbose cwd C:\Users\DELL\Desktop\Projects\web-app\fullstack-app\waris-azeez-portfolio
463 verbose os Windows_NT 10.0.21996
464 verbose node v24.11.1
465 verbose npm  v11.11.0
466 verbose exit 0
467 info ok
